<?xml version="1.0" encoding="UTF-8"?>
<!-- Generated by org.testng.reporters.JUnitXMLReporter -->
<testsuite ignored="3" hostname="LAPTOP-71ATORCR" failures="0" tests="1" name="Test" time="12.652" errors="0" timestamp="2025-11-18T08:17:35 IST">
  <testcase classname="testscript.NewsTest" name="addNewsItem" time="3.959"/>
  <testcase classname="testscript.NewsTest" name="reset" time="0.0">
    <ignored/>
  </testcase> <!-- reset -->
  <testcase classname="testscript.NewsTest" name="returnhome" time="0.0">
    <ignored/>
  </testcase> <!-- returnhome -->
  <testcase classname="testscript.NewsTest" name="searchNews" time="0.0">
    <ignored/>
  </testcase> <!-- searchNews -->
</testsuite> <!-- Test -->
