<?xml version="1.0" encoding="UTF-8"?>
<!-- Generated by org.testng.reporters.JUnitReportReporter -->
<testsuite hostname="LAPTOP-71ATORCR" failures="0" tests="3" name="testscript.AdminTest" time="23.102" errors="0" timestamp="2025-11-19T07:45:14 IST" skipped="1">
  <testcase classname="testscript.AdminTest" name="addAdminUser" time="7.036">
    <skipped/>
  </testcase> <!-- addAdminUser -->
  <testcase classname="testscript.AdminTest" name="addAdminUser" time="6.320"/>
  <testcase classname="testscript.AdminTest" name="addAdminUser" time="9.746"/>
</testsuite> <!-- testscript.AdminTest -->
