<!DOCTYPE html PUBLIC "-//W3C//DTD XHTML 1.1//EN" "https://www.w3.org/TR/xhtml11/DTD/xhtml11.dtd">
<html xmlns="https://www.w3.org/1999/xhtml">
<head>
<meta http-equiv="content-type" content="text/html; charset=UTF-8"/>
<title>TestNG Report</title>
<style type="text/css">table {margin-bottom:10px;border-collapse:collapse;empty-cells:show}th,td {border:1px solid #009;padding:.25em .5em}th {vertical-align:bottom}td {vertical-align:top}table a {font-weight:bold}.stripe td {background-color: #E6EBF9}.num {text-align:right}.passedodd td {background-color: #3F3}.passedeven td {background-color: #0A0}.skippedodd td {background-color: #DDD}.skippedeven td {background-color: #CCC}.failedodd td,.attn {background-color: #F33}.failedeven td,.stripe .attn {background-color: #D00}.stacktrace {white-space:pre;font-family:monospace}.totop {font-size:85%;text-align:center;border-bottom:2px solid #000}.invisible {display:none}</style>
</head>
<body>
<table>
<tr><th>Test</th><th># Passed</th><th># Skipped</th><th># Retried</th><th># Failed</th><th>Time (ms)</th><th>Included Groups</th><th>Excluded Groups</th></tr>
<tr><th colspan="8">parallel</th></tr>
<tr><td><a href="#t0">ChromeTest</a></td><td class="num">0</td><td class="num attn">2</td><td class="num attn">4</td><td class="num attn">5</td><td class="num">69,333</td><td></td><td></td></tr>
<tr class="stripe"><td><a href="#t1">FirefoxTest</a></td><td class="num">3</td><td class="num attn">2</td><td class="num attn">3</td><td class="num attn">2</td><td class="num">108,641</td><td></td><td></td></tr>
<tr><th>Total</th><th class="num">3</th><th class="num attn">4</th><th class="num attn">7</th><th class="num attn">7</th><th class="num">177,974</th><th colspan="2"></th></tr>
</table>
<table id='summary'><thead><tr><th>Class</th><th>Method</th><th>Start</th><th>Time (ms)</th></tr></thead><tbody><tr><th colspan="4">parallel</th></tr></tbody><tbody id="t0"><tr><th colspan="4">ChromeTest &#8212; failed (configuration methods)</th></tr><tr class="failedeven"><td rowspan="5">testscript.LoginTest</td><td><a href="#m0">driverQuit</a></td><td rowspan="4">1763520242422</td><td rowspan="4">3671</td></tr><tr class="failedeven"><td><a href="#m1">driverQuit</a></td></tr><tr class="failedeven"><td><a href="#m2">driverQuit</a></td></tr><tr class="failedeven"><td><a href="#m3">driverQuit</a></td></tr><tr class="failedeven"><td><a href="#m4">initializeBrowser</a></td><td rowspan="1">1763520246090</td><td rowspan="1">9587</td></tr><tr><th colspan="4">ChromeTest &#8212; failed</th></tr><tr class="failedeven"><td rowspan="1">testscript.HomeTest</td><td><a href="#m5">verifyLogoutfunctionality</a></td><td rowspan="1">1763520279007</td><td rowspan="1">21459</td></tr><tr class="failedodd"><td rowspan="4">testscript.LoginTest</td><td><a href="#m6">verifyLoginWithInvalidUsernameAndInvalidPassword</a></td><td rowspan="1">1763520241666</td><td rowspan="1">4412</td></tr><tr class="failedodd"><td><a href="#m7">verifyLoginWithInvalidUsernameAndValidPassword</a></td><td rowspan="1">1763520241747</td><td rowspan="1">625</td></tr><tr class="failedodd"><td><a href="#m8">verifyLoginWithValidCredentials</a></td><td rowspan="1">1763520260179</td><td rowspan="1">1444</td></tr><tr class="failedodd"><td><a href="#m9">verifyLoginWithValidUsernameAndInvalidPassword</a></td><td rowspan="1">1763520241711</td><td rowspan="1">661</td></tr><tr><th colspan="4">ChromeTest &#8212; skipped (configuration methods)</th></tr><tr class="skippedeven"><td rowspan="5">testscript.LoginTest</td><td><a href="#m10">closeBrowser</a></td><td rowspan="5">1763520254824</td><td rowspan="5">0</td></tr><tr class="skippedeven"><td><a href="#m11">closeBrowser</a></td></tr><tr class="skippedeven"><td><a href="#m12">closeBrowser</a></td></tr><tr class="skippedeven"><td><a href="#m13">closeBrowser</a></td></tr><tr class="skippedeven"><td><a href="#m14">closeBrowser</a></td></tr><tr><th colspan="4">ChromeTest &#8212; skipped</th></tr><tr class="skippedeven"><td rowspan="2">testscript.LoginTest</td><td><a href="#m15">verifyLoginWithInvalidUsernameAndInvalidPassword</a></td><td rowspan="2">1763520260227</td><td rowspan="2">0</td></tr><tr class="skippedeven"><td><a href="#m16">verifyLoginWithInvalidUsernameAndInvalidPassword</a></td></tr><tr><th colspan="4">ChromeTest &#8212; retried</th></tr><tr class="retriedeven"><td rowspan="2">testscript.HomeTest</td><td><a href="#m17">verifyLogoutfunctionality</a></td><td rowspan="2">1763520247616</td><td rowspan="2">27845</td></tr><tr class="retriedeven"><td><a href="#m18">verifyLogoutfunctionality</a></td></tr><tr class="retriedodd"><td rowspan="2">testscript.LoginTest</td><td><a href="#m19">verifyLoginWithValidCredentials</a></td><td rowspan="2">1763520241796</td><td rowspan="2">698</td></tr><tr class="retriedodd"><td><a href="#m20">verifyLoginWithValidCredentials</a></td></tr></tbody>
<tbody id="t1"><tr><th colspan="4">FirefoxTest &#8212; failed (configuration methods)</th></tr><tr class="failedeven"><td rowspan="2">testscript.LoginTest</td><td><a href="#m21">driverQuit</a></td><td rowspan="2">1763520327378</td><td rowspan="2">2508</td></tr><tr class="failedeven"><td><a href="#m22">driverQuit</a></td></tr><tr><th colspan="4">FirefoxTest &#8212; failed</th></tr><tr class="failedeven"><td rowspan="1">testscript.HomeTest</td><td><a href="#m23">verifyLogoutfunctionality</a></td><td rowspan="1">1763520385770</td><td rowspan="1">22445</td></tr><tr class="failedodd"><td rowspan="1">testscript.LoginTest</td><td><a href="#m24">verifyLoginWithInvalidUsernameAndValidPassword</a></td><td rowspan="1">1763520320175</td><td rowspan="1">7180</td></tr><tr><th colspan="4">FirefoxTest &#8212; skipped (configuration methods)</th></tr><tr class="skippedeven"><td rowspan="3">testscript.LoginTest</td><td><a href="#m25">closeBrowser</a></td><td rowspan="3">1763520339965</td><td rowspan="3">0</td></tr><tr class="skippedeven"><td><a href="#m26">closeBrowser</a></td></tr><tr class="skippedeven"><td><a href="#m27">closeBrowser</a></td></tr><tr><th colspan="4">FirefoxTest &#8212; skipped</th></tr><tr class="skippedeven"><td rowspan="2">testscript.LoginTest</td><td><a href="#m28">verifyLoginWithInvalidUsernameAndInvalidPassword</a></td><td rowspan="2">1763520345227</td><td rowspan="2">0</td></tr><tr class="skippedeven"><td><a href="#m29">verifyLoginWithInvalidUsernameAndInvalidPassword</a></td></tr><tr><th colspan="4">FirefoxTest &#8212; retried</th></tr><tr class="retriedeven"><td rowspan="2">testscript.HomeTest</td><td><a href="#m30">verifyLogoutfunctionality</a></td><td rowspan="2">1763520322979</td><td rowspan="2">23479</td></tr><tr class="retriedeven"><td><a href="#m31">verifyLogoutfunctionality</a></td></tr><tr class="retriedodd"><td rowspan="1">testscript.LoginTest</td><td><a href="#m32">verifyLoginWithValidCredentials</a></td><td rowspan="1">1763520317519</td><td rowspan="1">9836</td></tr><tr><th colspan="4">FirefoxTest &#8212; passed</th></tr><tr class="passedeven"><td rowspan="3">testscript.LoginTest</td><td><a href="#m33">verifyLoginWithInvalidUsernameAndInvalidPassword</a></td><td rowspan="1">1763520317525</td><td rowspan="1">3650</td></tr><tr class="passedeven"><td><a href="#m34">verifyLoginWithValidCredentials</a></td><td rowspan="1">1763520338148</td><td rowspan="1">1814</td></tr><tr class="passedeven"><td><a href="#m35">verifyLoginWithValidUsernameAndInvalidPassword</a></td><td rowspan="1">1763520326013</td><td rowspan="1">1356</td></tr></tbody>
</table>
<h2>ChromeTest</h2><h3 id="m0">testscript.LoginTest#driverQuit</h3><table class="result"><tr class="param"><th>Parameter #1</th></tr><tr class="param stripe"><td>[TestResult name=verifyLoginWithValidUsernameAndInvalidPassword status=FAILURE method=LoginTest.verifyLoginWithValidUsernameAndInvalidPassword()[pri:3, instance:testscript.LoginTest@383dc82c] output={null}]</td></tr><tr><th>Exception</th></tr><tr><td><div class="stacktrace">org.openqa.selenium.WebDriverException: Timed out waiting for driver server to stop.
Build info: version: &apos;4.31.0&apos;, revision: &apos;1ef9f18787*&apos;
System info: os.name: &apos;Windows 10&apos;, os.arch: &apos;amd64&apos;, os.version: &apos;10.0&apos;, java.version: &apos;21.0.8&apos;
Driver info: org.openqa.selenium.chrome.ChromeDriver
Command: [0e17fe4a64c7bac14286bd9d4d9796e0, quit {}]
Capabilities {acceptInsecureCerts: false, browserName: chrome, browserVersion: 142.0.7444.163, chrome: {chromedriverVersion: 142.0.7444.175 (302067f14a4..., userDataDir: C:\Users\USER\AppData\Local...}, fedcm:accounts: true, goog:chromeOptions: {debuggerAddress: localhost:52008}, goog:processID: 304, networkConnectionEnabled: false, pageLoadStrategy: normal, platformName: windows, proxy: Proxy(), se:cdp: ws://localhost:52008/devtoo..., se:cdpVersion: 142.0.7444.163, setWindowRect: true, strictFileInteractability: false, timeouts: {implicit: 0, pageLoad: 300000, script: 30000}, unhandledPromptBehavior: dismiss and notify, webauthn:extension:credBlob: true, webauthn:extension:largeBlob: true, webauthn:extension:minPinLength: true, webauthn:extension:prf: true, webauthn:virtualAuthenticators: true}
	at org.openqa.selenium.remote.service.DriverCommandExecutor.execute(DriverCommandExecutor.java:164)
	at org.openqa.selenium.remote.RemoteWebDriver.execute(RemoteWebDriver.java:545)
	at org.openqa.selenium.remote.RemoteWebDriver.execute(RemoteWebDriver.java:618)
	at org.openqa.selenium.remote.RemoteWebDriver.execute(RemoteWebDriver.java:622)
	at org.openqa.selenium.remote.RemoteWebDriver.quit(RemoteWebDriver.java:446)
	at org.openqa.selenium.chromium.ChromiumDriver.quit(ChromiumDriver.java:418)
	at base.TestNGBase.driverQuit(TestNGBase.java:57)
	at java.base/java.util.concurrent.Executors$RunnableAdapter.call(Executors.java:572)
	at java.base/java.util.concurrent.FutureTask.run(FutureTask.java:317)
	at java.base/java.util.concurrent.ThreadPoolExecutor.runWorker(ThreadPoolExecutor.java:1144)
	at java.base/java.util.concurrent.ThreadPoolExecutor$Worker.run(ThreadPoolExecutor.java:642)
	at java.base/java.lang.Thread.run(Thread.java:1583)
Caused by: java.util.concurrent.ExecutionException: java.util.concurrent.RejectedExecutionException: Task java.util.concurrent.FutureTask@5ac33770[Not completed, task = java.util.concurrent.Executors$RunnableAdapter@1bfe3d4b[Wrapped task = org.openqa.selenium.remote.http.jdk.JdkHttpClient$$Lambda/0x000002878123fce0@1fc1baec]] rejected from java.util.concurrent.ThreadPoolExecutor@3724c9a0[Shutting down, pool size = 5, active threads = 2, queued tasks = 0, completed tasks = 66]
	at java.base/java.util.concurrent.CompletableFuture.reportGet(CompletableFuture.java:396)
	at java.base/java.util.concurrent.CompletableFuture.get(CompletableFuture.java:2096)
	at org.openqa.selenium.remote.service.DriverCommandExecutor.execute(DriverCommandExecutor.java:160)
	... 27 more
Caused by: java.util.concurrent.RejectedExecutionException: Task java.util.concurrent.FutureTask@5ac33770[Not completed, task = java.util.concurrent.Executors$RunnableAdapter@1bfe3d4b[Wrapped task = org.openqa.selenium.remote.http.jdk.JdkHttpClient$$Lambda/0x000002878123fce0@1fc1baec]] rejected from java.util.concurrent.ThreadPoolExecutor@3724c9a0[Shutting down, pool size = 5, active threads = 2, queued tasks = 0, completed tasks = 66]
	at java.base/java.util.concurrent.ThreadPoolExecutor$AbortPolicy.rejectedExecution(ThreadPoolExecutor.java:2081)
	at java.base/java.util.concurrent.ThreadPoolExecutor.reject(ThreadPoolExecutor.java:841)
	at java.base/java.util.concurrent.ThreadPoolExecutor.execute(ThreadPoolExecutor.java:1376)
	at java.base/java.util.concurrent.AbstractExecutorService.submit(AbstractExecutorService.java:123)
	at org.openqa.selenium.remote.http.jdk.JdkHttpClient.executeAsync(JdkHttpClient.java:381)
	at org.openqa.selenium.remote.http.jdk.JdkHttpClient.execute(JdkHttpClient.java:410)
	at org.openqa.selenium.remote.HttpCommandExecutor.execute(HttpCommandExecutor.java:212)
	at org.openqa.selenium.remote.service.DriverCommandExecutor.invokeExecute(DriverCommandExecutor.java:216)
	at org.openqa.selenium.remote.service.DriverCommandExecutor.lambda$execute$1(DriverCommandExecutor.java:126)
	at java.base/java.util.concurrent.CompletableFuture$AsyncSupply.run(CompletableFuture.java:1768)
	... 3 more
... Removed 16 stack frames</div></td></tr></table><p class="totop"><a href="#summary">back to summary</a></p>
<h3 id="m1">testscript.LoginTest#driverQuit</h3><table class="result"><tr class="param"><th>Parameter #1</th></tr><tr class="param stripe"><td>[TestResult name=verifyLoginWithInvalidUsernameAndValidPassword status=FAILURE method=LoginTest.verifyLoginWithInvalidUsernameAndValidPassword()[pri:2, instance:testscript.LoginTest@383dc82c] output={null}]</td></tr><tr><th>Exception</th></tr><tr><td><div class="stacktrace">org.openqa.selenium.WebDriverException: Timed out waiting for driver server to stop.
Build info: version: &apos;4.31.0&apos;, revision: &apos;1ef9f18787*&apos;
System info: os.name: &apos;Windows 10&apos;, os.arch: &apos;amd64&apos;, os.version: &apos;10.0&apos;, java.version: &apos;21.0.8&apos;
Driver info: org.openqa.selenium.chrome.ChromeDriver
Command: [0e17fe4a64c7bac14286bd9d4d9796e0, quit {}]
Capabilities {acceptInsecureCerts: false, browserName: chrome, browserVersion: 142.0.7444.163, chrome: {chromedriverVersion: 142.0.7444.175 (302067f14a4..., userDataDir: C:\Users\USER\AppData\Local...}, fedcm:accounts: true, goog:chromeOptions: {debuggerAddress: localhost:52008}, goog:processID: 304, networkConnectionEnabled: false, pageLoadStrategy: normal, platformName: windows, proxy: Proxy(), se:cdp: ws://localhost:52008/devtoo..., se:cdpVersion: 142.0.7444.163, setWindowRect: true, strictFileInteractability: false, timeouts: {implicit: 0, pageLoad: 300000, script: 30000}, unhandledPromptBehavior: dismiss and notify, webauthn:extension:credBlob: true, webauthn:extension:largeBlob: true, webauthn:extension:minPinLength: true, webauthn:extension:prf: true, webauthn:virtualAuthenticators: true}
	at org.openqa.selenium.remote.service.DriverCommandExecutor.execute(DriverCommandExecutor.java:164)
	at org.openqa.selenium.remote.RemoteWebDriver.execute(RemoteWebDriver.java:545)
	at org.openqa.selenium.remote.RemoteWebDriver.execute(RemoteWebDriver.java:618)
	at org.openqa.selenium.remote.RemoteWebDriver.execute(RemoteWebDriver.java:622)
	at org.openqa.selenium.remote.RemoteWebDriver.quit(RemoteWebDriver.java:446)
	at org.openqa.selenium.chromium.ChromiumDriver.quit(ChromiumDriver.java:418)
	at base.TestNGBase.driverQuit(TestNGBase.java:57)
	at java.base/java.util.concurrent.Executors$RunnableAdapter.call(Executors.java:572)
	at java.base/java.util.concurrent.FutureTask.run(FutureTask.java:317)
	at java.base/java.util.concurrent.ThreadPoolExecutor.runWorker(ThreadPoolExecutor.java:1144)
	at java.base/java.util.concurrent.ThreadPoolExecutor$Worker.run(ThreadPoolExecutor.java:642)
	at java.base/java.lang.Thread.run(Thread.java:1583)
Caused by: java.util.concurrent.ExecutionException: java.util.concurrent.RejectedExecutionException: Task java.util.concurrent.FutureTask@79f56e81[Not completed, task = java.util.concurrent.Executors$RunnableAdapter@730d05f1[Wrapped task = org.openqa.selenium.remote.http.jdk.JdkHttpClient$$Lambda/0x000002878123fce0@7dcae5e0]] rejected from java.util.concurrent.ThreadPoolExecutor@3724c9a0[Terminated, pool size = 0, active threads = 0, queued tasks = 0, completed tasks = 68]
	at java.base/java.util.concurrent.CompletableFuture.reportGet(CompletableFuture.java:396)
	at java.base/java.util.concurrent.CompletableFuture.get(CompletableFuture.java:2096)
	at org.openqa.selenium.remote.service.DriverCommandExecutor.execute(DriverCommandExecutor.java:160)
	... 27 more
Caused by: java.util.concurrent.RejectedExecutionException: Task java.util.concurrent.FutureTask@79f56e81[Not completed, task = java.util.concurrent.Executors$RunnableAdapter@730d05f1[Wrapped task = org.openqa.selenium.remote.http.jdk.JdkHttpClient$$Lambda/0x000002878123fce0@7dcae5e0]] rejected from java.util.concurrent.ThreadPoolExecutor@3724c9a0[Terminated, pool size = 0, active threads = 0, queued tasks = 0, completed tasks = 68]
	at java.base/java.util.concurrent.ThreadPoolExecutor$AbortPolicy.rejectedExecution(ThreadPoolExecutor.java:2081)
	at java.base/java.util.concurrent.ThreadPoolExecutor.reject(ThreadPoolExecutor.java:841)
	at java.base/java.util.concurrent.ThreadPoolExecutor.execute(ThreadPoolExecutor.java:1376)
	at java.base/java.util.concurrent.AbstractExecutorService.submit(AbstractExecutorService.java:123)
	at org.openqa.selenium.remote.http.jdk.JdkHttpClient.executeAsync(JdkHttpClient.java:381)
	at org.openqa.selenium.remote.http.jdk.JdkHttpClient.execute(JdkHttpClient.java:410)
	at org.openqa.selenium.remote.HttpCommandExecutor.execute(HttpCommandExecutor.java:212)
	at org.openqa.selenium.remote.service.DriverCommandExecutor.invokeExecute(DriverCommandExecutor.java:216)
	at org.openqa.selenium.remote.service.DriverCommandExecutor.lambda$execute$1(DriverCommandExecutor.java:126)
	at java.base/java.util.concurrent.CompletableFuture$AsyncSupply.run(CompletableFuture.java:1768)
	... 3 more
... Removed 16 stack frames</div></td></tr></table><p class="totop"><a href="#summary">back to summary</a></p>
<h3 id="m2">testscript.LoginTest#driverQuit</h3><table class="result"><tr class="param"><th>Parameter #1</th></tr><tr class="param stripe"><td>[TestResult name=verifyLoginWithInvalidUsernameAndInvalidPassword status=FAILURE method=LoginTest.verifyLoginWithInvalidUsernameAndInvalidPassword(java.lang.String,java.lang.String)[pri:4, instance:testscript.LoginTest@383dc82c] output={null}]</td></tr><tr><th>Exception</th></tr><tr><td><div class="stacktrace">org.openqa.selenium.NoSuchSessionException: Session ID is null. Using WebDriver after calling quit()?
Build info: version: &apos;4.31.0&apos;, revision: &apos;1ef9f18787*&apos;
System info: os.name: &apos;Windows 10&apos;, os.arch: &apos;amd64&apos;, os.version: &apos;10.0&apos;, java.version: &apos;21.0.8&apos;
Driver info: org.openqa.selenium.chrome.ChromeDriver
Command: [null, screenshot {}]
Capabilities {acceptInsecureCerts: false, browserName: chrome, browserVersion: 142.0.7444.163, chrome: {chromedriverVersion: 142.0.7444.175 (302067f14a4..., userDataDir: C:\Users\USER\AppData\Local...}, fedcm:accounts: true, goog:chromeOptions: {debuggerAddress: localhost:52008}, goog:processID: 304, networkConnectionEnabled: false, pageLoadStrategy: normal, platformName: windows, proxy: Proxy(), se:cdp: ws://localhost:52008/devtoo..., se:cdpVersion: 142.0.7444.163, setWindowRect: true, strictFileInteractability: false, timeouts: {implicit: 0, pageLoad: 300000, script: 30000}, unhandledPromptBehavior: dismiss and notify, webauthn:extension:credBlob: true, webauthn:extension:largeBlob: true, webauthn:extension:minPinLength: true, webauthn:extension:prf: true, webauthn:virtualAuthenticators: true}
	at org.openqa.selenium.remote.HttpCommandExecutor.execute(HttpCommandExecutor.java:176)
	at org.openqa.selenium.remote.service.DriverCommandExecutor.invokeExecute(DriverCommandExecutor.java:216)
	at org.openqa.selenium.remote.service.DriverCommandExecutor.execute(DriverCommandExecutor.java:174)
	at org.openqa.selenium.remote.RemoteWebDriver.execute(RemoteWebDriver.java:545)
	at org.openqa.selenium.remote.RemoteWebDriver.execute(RemoteWebDriver.java:618)
	at org.openqa.selenium.remote.RemoteWebDriver.execute(RemoteWebDriver.java:622)
	at org.openqa.selenium.remote.RemoteWebDriver.getScreenshotAs(RemoteWebDriver.java:334)
	at utilities.ScreenshotUtility.getScreenshot(ScreenshotUtility.java:18)
	at base.TestNGBase.driverQuit(TestNGBase.java:55)
	at java.base/java.util.concurrent.Executors$RunnableAdapter.call(Executors.java:572)
	at java.base/java.util.concurrent.FutureTask.run(FutureTask.java:317)
	at java.base/java.util.concurrent.ThreadPoolExecutor.runWorker(ThreadPoolExecutor.java:1144)
	at java.base/java.util.concurrent.ThreadPoolExecutor$Worker.run(ThreadPoolExecutor.java:642)
	at java.base/java.lang.Thread.run(Thread.java:1583)
... Removed 16 stack frames</div></td></tr></table><p class="totop"><a href="#summary">back to summary</a></p>
<h3 id="m3">testscript.LoginTest#driverQuit</h3><table class="result"><tr class="param"><th>Parameter #1</th></tr><tr class="param stripe"><td>[TestResult name=verifyLoginWithValidCredentials status=FAILURE method=LoginTest.verifyLoginWithValidCredentials()[pri:1, instance:testscript.LoginTest@383dc82c] output={null}]</td></tr><tr><th>Exception</th></tr><tr><td><div class="stacktrace">org.openqa.selenium.remote.UnreachableBrowserException: Error communicating with the remote browser. It may have died.
Build info: version: &apos;4.31.0&apos;, revision: &apos;1ef9f18787*&apos;
System info: os.name: &apos;Windows 10&apos;, os.arch: &apos;amd64&apos;, os.version: &apos;10.0&apos;, java.version: &apos;21.0.8&apos;
Driver info: org.openqa.selenium.chrome.ChromeDriver
Command: [86f09fa7c7e473c60a63e259ac17da4d, screenshot []]
Capabilities {acceptInsecureCerts: false, browserName: chrome, browserVersion: 142.0.7444.163, chrome: {chromedriverVersion: 142.0.7444.175 (302067f14a4..., userDataDir: C:\Users\USER\AppData\Local...}, fedcm:accounts: true, goog:chromeOptions: {debuggerAddress: localhost:52210}, goog:processID: 16700, networkConnectionEnabled: false, pageLoadStrategy: normal, platformName: windows, proxy: Proxy(), se:cdp: ws://localhost:52210/devtoo..., se:cdpVersion: 142.0.7444.163, setWindowRect: true, strictFileInteractability: false, timeouts: {implicit: 0, pageLoad: 300000, script: 30000}, unhandledPromptBehavior: dismiss and notify, webauthn:extension:credBlob: true, webauthn:extension:largeBlob: true, webauthn:extension:minPinLength: true, webauthn:extension:prf: true, webauthn:virtualAuthenticators: true}
Session ID: 86f09fa7c7e473c60a63e259ac17da4d
	at org.openqa.selenium.remote.RemoteWebDriver.execute(RemoteWebDriver.java:572)
	at org.openqa.selenium.remote.RemoteWebDriver.execute(RemoteWebDriver.java:618)
	at org.openqa.selenium.remote.RemoteWebDriver.execute(RemoteWebDriver.java:622)
	at org.openqa.selenium.remote.RemoteWebDriver.getScreenshotAs(RemoteWebDriver.java:334)
	at utilities.ScreenshotUtility.getScreenshot(ScreenshotUtility.java:18)
	at base.TestNGBase.driverQuit(TestNGBase.java:55)
	at java.base/java.util.concurrent.Executors$RunnableAdapter.call(Executors.java:572)
	at java.base/java.util.concurrent.FutureTask.run(FutureTask.java:317)
	at java.base/java.util.concurrent.ThreadPoolExecutor.runWorker(ThreadPoolExecutor.java:1144)
	at java.base/java.util.concurrent.ThreadPoolExecutor$Worker.run(ThreadPoolExecutor.java:642)
	at java.base/java.lang.Thread.run(Thread.java:1583)
Caused by: java.util.concurrent.RejectedExecutionException: Task java.util.concurrent.FutureTask@1aebd1c0[Not completed, task = java.util.concurrent.Executors$RunnableAdapter@47c59ff[Wrapped task = org.openqa.selenium.remote.http.jdk.JdkHttpClient$$Lambda/0x000002878123fce0@27374d68]] rejected from java.util.concurrent.ThreadPoolExecutor@4f12e021[Terminated, pool size = 0, active threads = 0, queued tasks = 0, completed tasks = 31]
	at java.base/java.util.concurrent.ThreadPoolExecutor$AbortPolicy.rejectedExecution(ThreadPoolExecutor.java:2081)
	at java.base/java.util.concurrent.ThreadPoolExecutor.reject(ThreadPoolExecutor.java:841)
	at java.base/java.util.concurrent.ThreadPoolExecutor.execute(ThreadPoolExecutor.java:1376)
	at java.base/java.util.concurrent.AbstractExecutorService.submit(AbstractExecutorService.java:123)
	at org.openqa.selenium.remote.http.jdk.JdkHttpClient.executeAsync(JdkHttpClient.java:381)
	at org.openqa.selenium.remote.http.jdk.JdkHttpClient.execute(JdkHttpClient.java:410)
	at org.openqa.selenium.remote.HttpCommandExecutor.execute(HttpCommandExecutor.java:212)
	at org.openqa.selenium.remote.service.DriverCommandExecutor.invokeExecute(DriverCommandExecutor.java:216)
	at org.openqa.selenium.remote.service.DriverCommandExecutor.execute(DriverCommandExecutor.java:174)
	at org.openqa.selenium.remote.RemoteWebDriver.execute(RemoteWebDriver.java:545)
	... 26 more
... Removed 16 stack frames</div></td></tr></table><p class="totop"><a href="#summary">back to summary</a></p>
<h3 id="m4">testscript.LoginTest#initializeBrowser</h3><table class="result"><tr class="param"><th>Parameter #1</th></tr><tr class="param stripe"><td>chrome</td></tr><tr><th>Exception</th></tr><tr><td><div class="stacktrace">org.openqa.selenium.remote.UnreachableBrowserException: Error communicating with the remote browser. It may have died.
Build info: version: &apos;4.31.0&apos;, revision: &apos;1ef9f18787*&apos;
System info: os.name: &apos;Windows 10&apos;, os.arch: &apos;amd64&apos;, os.version: &apos;10.0&apos;, java.version: &apos;21.0.8&apos;
Driver info: org.openqa.selenium.chrome.ChromeDriver
Command: [ec365fc33d155e98e23a101e8abe298a, maximizeCurrentWindow []]
Capabilities {acceptInsecureCerts: false, browserName: chrome, browserVersion: 142.0.7444.163, chrome: {chromedriverVersion: 142.0.7444.175 (302067f14a4..., userDataDir: C:\Users\USER\AppData\Local...}, fedcm:accounts: true, goog:chromeOptions: {debuggerAddress: localhost:52148}, goog:processID: 20256, networkConnectionEnabled: false, pageLoadStrategy: normal, platformName: windows, proxy: Proxy(), se:cdp: ws://localhost:52148/devtoo..., se:cdpVersion: 142.0.7444.163, setWindowRect: true, strictFileInteractability: false, timeouts: {implicit: 0, pageLoad: 300000, script: 30000}, unhandledPromptBehavior: dismiss and notify, webauthn:extension:credBlob: true, webauthn:extension:largeBlob: true, webauthn:extension:minPinLength: true, webauthn:extension:prf: true, webauthn:virtualAuthenticators: true}
Session ID: ec365fc33d155e98e23a101e8abe298a
	at org.openqa.selenium.remote.RemoteWebDriver.execute(RemoteWebDriver.java:572)
	at org.openqa.selenium.remote.RemoteWebDriver.execute(RemoteWebDriver.java:618)
	at org.openqa.selenium.remote.RemoteWebDriver.execute(RemoteWebDriver.java:622)
	at org.openqa.selenium.remote.RemoteWebDriver$RemoteWebDriverOptions$RemoteWindow.maximize(RemoteWebDriver.java:1067)
	at base.TestNGBase.initializeBrowser(TestNGBase.java:41)
	at java.base/java.util.concurrent.Executors$RunnableAdapter.call(Executors.java:572)
	at java.base/java.util.concurrent.FutureTask.run(FutureTask.java:317)
	at java.base/java.util.concurrent.ThreadPoolExecutor.runWorker(ThreadPoolExecutor.java:1144)
	at java.base/java.util.concurrent.ThreadPoolExecutor$Worker.run(ThreadPoolExecutor.java:642)
	at java.base/java.lang.Thread.run(Thread.java:1583)
Caused by: java.io.UncheckedIOException: java.io.IOException: Task jdk.internal.net.http.common.SequentialScheduler$SchedulableTask@2fcb559a rejected from java.util.concurrent.ThreadPoolExecutor@74efef73[Shutting down, pool size = 2, active threads = 2, queued tasks = 0, completed tasks = 24]
	at org.openqa.selenium.remote.http.jdk.JdkHttpClient.execute0(JdkHttpClient.java:497)
	at org.openqa.selenium.remote.http.AddSeleniumUserAgent.lambda$apply$0(AddSeleniumUserAgent.java:42)
	at org.openqa.selenium.remote.http.Filter.lambda$andFinally$1(Filter.java:55)
	at org.openqa.selenium.remote.http.jdk.JdkHttpClient.lambda$executeAsync$1(JdkHttpClient.java:384)
	at java.base/java.util.concurrent.Executors$RunnableAdapter.call(Executors.java:572)
	at java.base/java.util.concurrent.FutureTask.run(FutureTask.java:317)
	... 3 more
Caused by: java.io.IOException: Task jdk.internal.net.http.common.SequentialScheduler$SchedulableTask@2fcb559a rejected from java.util.concurrent.ThreadPoolExecutor@74efef73[Shutting down, pool size = 2, active threads = 2, queued tasks = 0, completed tasks = 24]
	at java.net.http/jdk.internal.net.http.HttpClientImpl.send(HttpClientImpl.java:972)
	at java.net.http/jdk.internal.net.http.HttpClientFacade.send(HttpClientFacade.java:133)
	at org.openqa.selenium.remote.http.jdk.JdkHttpClient.execute0(JdkHttpClient.java:456)
	... 8 more
Caused by: java.util.concurrent.RejectedExecutionException: Task jdk.internal.net.http.common.SequentialScheduler$SchedulableTask@2fcb559a rejected from java.util.concurrent.ThreadPoolExecutor@74efef73[Shutting down, pool size = 2, active threads = 2, queued tasks = 0, completed tasks = 24]
	at java.base/java.util.concurrent.ThreadPoolExecutor$AbortPolicy.rejectedExecution(ThreadPoolExecutor.java:2081)
	at java.base/java.util.concurrent.ThreadPoolExecutor.reject(ThreadPoolExecutor.java:841)
	at java.base/java.util.concurrent.ThreadPoolExecutor.execute(ThreadPoolExecutor.java:1376)
	at java.net.http/jdk.internal.net.http.HttpClientImpl$DelegatingExecutor.ensureExecutedAsync(HttpClientImpl.java:183)
	at java.net.http/jdk.internal.net.http.HttpClientImpl$DelegatingExecutor.execute(HttpClientImpl.java:175)
	at java.net.http/jdk.internal.net.http.common.SequentialScheduler.runOrSchedule(SequentialScheduler.java:282)
	at java.net.http/jdk.internal.net.http.common.SequentialScheduler.runOrSchedule(SequentialScheduler.java:251)
	at java.net.http/jdk.internal.net.http.Http1AsyncReceiver.onReadError(Http1AsyncReceiver.java:516)
	at java.net.http/jdk.internal.net.http.Http1AsyncReceiver$Http1TubeSubscriber.onComplete(Http1AsyncReceiver.java:601)
	at java.net.http/jdk.internal.net.http.SocketTube$InternalReadPublisher$ReadSubscription.signalCompletion(SocketTube.java:648)
	at java.net.http/jdk.internal.net.http.SocketTube$InternalReadPublisher$InternalReadSubscription.read(SocketTube.java:853)
	at java.net.http/jdk.internal.net.http.SocketTube$SocketFlowTask.run(SocketTube.java:181)
	at java.net.http/jdk.internal.net.http.common.SequentialScheduler$SchedulableTask.run(SequentialScheduler.java:207)
	at java.net.http/jdk.internal.net.http.common.SequentialScheduler.runOrSchedule(SequentialScheduler.java:280)
	at java.net.http/jdk.internal.net.http.common.SequentialScheduler.runOrSchedule(SequentialScheduler.java:233)
	at java.net.http/jdk.internal.net.http.SocketTube$InternalReadPublisher$InternalReadSubscription.signalReadable(SocketTube.java:782)
	at java.net.http/jdk.internal.net.http.SocketTube$InternalReadPublisher$ReadEvent.signalEvent(SocketTube.java:965)
	at java.net.http/jdk.internal.net.http.SocketTube$SocketFlowEvent.handle(SocketTube.java:253)
	at java.net.http/jdk.internal.net.http.HttpClientImpl$SelectorManager.handleEvent(HttpClientImpl.java:1477)
	at java.net.http/jdk.internal.net.http.HttpClientImpl$SelectorManager.lambda$run$3(HttpClientImpl.java:1422)
	at java.base/java.util.ArrayList.forEach(ArrayList.java:1596)
	at java.net.http/jdk.internal.net.http.HttpClientImpl$SelectorManager.run(HttpClientImpl.java:1422)
... Removed 15 stack frames</div></td></tr></table><p class="totop"><a href="#summary">back to summary</a></p>
<h3 id="m5">testscript.HomeTest#verifyLogoutfunctionality</h3><table class="result"><tr><th>Exception</th></tr><tr><td><div class="stacktrace">org.openqa.selenium.TimeoutException: Expected condition failed: waiting for element to be clickable: Proxy element for: DefaultElementLocator &apos;By.xpath: i[@class=&apos;ace-icon fa fa-power-off&apos;]&apos; (tried for 5 second(s) with 500 milliseconds interval)
	at org.openqa.selenium.support.ui.WebDriverWait.timeoutException(WebDriverWait.java:84)
	at org.openqa.selenium.support.ui.FluentWait.until(FluentWait.java:228)
	at utilities.WaitUtility.waitUntilClickable(WaitUtility.java:16)
	at pages.HomePage.logout(HomePage.java:28)
	at testscript.HomeTest.verifyLogoutfunctionality(HomeTest.java:36)
	at java.base/java.util.concurrent.Executors$RunnableAdapter.call(Executors.java:572)
	at java.base/java.util.concurrent.FutureTask.run(FutureTask.java:317)
	at java.base/java.util.concurrent.ThreadPoolExecutor.runWorker(ThreadPoolExecutor.java:1144)
	at java.base/java.util.concurrent.ThreadPoolExecutor$Worker.run(ThreadPoolExecutor.java:642)
	at java.base/java.lang.Thread.run(Thread.java:1583)
Caused by: org.openqa.selenium.NoSuchElementException: no such element: Unable to locate element: {&quot;method&quot;:&quot;xpath&quot;,&quot;selector&quot;:&quot;i[@class=&apos;ace-icon fa fa-power-off&apos;]&quot;}
  (Session info: chrome=142.0.7444.163)
For documentation on this error, please visit: https://www.selenium.dev/documentation/webdriver/troubleshooting/errors#no-such-element-exception
Build info: version: &apos;4.31.0&apos;, revision: &apos;1ef9f18787*&apos;
System info: os.name: &apos;Windows 10&apos;, os.arch: &apos;amd64&apos;, os.version: &apos;10.0&apos;, java.version: &apos;21.0.8&apos;
Driver info: org.openqa.selenium.chrome.ChromeDriver
Command: [563842c6da69bce0668e98fd8c6cf1ee, findElement {using=xpath, value=i[@class=&apos;ace-icon fa fa-power-off&apos;]}]
Capabilities {acceptInsecureCerts: false, browserName: chrome, browserVersion: 142.0.7444.163, chrome: {chromedriverVersion: 142.0.7444.175 (302067f14a4..., userDataDir: C:\Users\USER\AppData\Local...}, fedcm:accounts: true, goog:chromeOptions: {debuggerAddress: localhost:52262}, goog:processID: 17580, networkConnectionEnabled: false, pageLoadStrategy: normal, platformName: windows, proxy: Proxy(), se:cdp: ws://localhost:52262/devtoo..., se:cdpVersion: 142.0.7444.163, setWindowRect: true, strictFileInteractability: false, timeouts: {implicit: 0, pageLoad: 300000, script: 30000}, unhandledPromptBehavior: dismiss and notify, webauthn:extension:credBlob: true, webauthn:extension:largeBlob: true, webauthn:extension:minPinLength: true, webauthn:extension:prf: true, webauthn:virtualAuthenticators: true}
Session ID: 563842c6da69bce0668e98fd8c6cf1ee
	at org.openqa.selenium.remote.ErrorCodec.decode(ErrorCodec.java:167)
	at org.openqa.selenium.remote.codec.w3c.W3CHttpResponseCodec.decode(W3CHttpResponseCodec.java:138)
	at org.openqa.selenium.remote.codec.w3c.W3CHttpResponseCodec.decode(W3CHttpResponseCodec.java:50)
	at org.openqa.selenium.remote.HttpCommandExecutor.execute(HttpCommandExecutor.java:215)
	at org.openqa.selenium.remote.service.DriverCommandExecutor.invokeExecute(DriverCommandExecutor.java:216)
	at org.openqa.selenium.remote.service.DriverCommandExecutor.execute(DriverCommandExecutor.java:174)
	at org.openqa.selenium.remote.RemoteWebDriver.execute(RemoteWebDriver.java:545)
	at org.openqa.selenium.remote.ElementLocation$ElementFinder$2.findElement(ElementLocation.java:165)
	at org.openqa.selenium.remote.ElementLocation.findElement(ElementLocation.java:59)
	at org.openqa.selenium.remote.RemoteWebDriver.findElement(RemoteWebDriver.java:368)
	at org.openqa.selenium.remote.RemoteWebDriver.findElement(RemoteWebDriver.java:362)
	at org.openqa.selenium.support.pagefactory.DefaultElementLocator.findElement(DefaultElementLocator.java:68)
	at org.openqa.selenium.support.pagefactory.internal.LocatingElementHandler.invoke(LocatingElementHandler.java:38)
	at jdk.proxy2/jdk.proxy2.$Proxy16.isDisplayed(Unknown Source)
	at org.openqa.selenium.support.ui.ExpectedConditions.elementIfVisible(ExpectedConditions.java:304)
	at org.openqa.selenium.support.ui.ExpectedConditions$10.apply(ExpectedConditions.java:290)
	at org.openqa.selenium.support.ui.ExpectedConditions$10.apply(ExpectedConditions.java:287)
	at org.openqa.selenium.support.ui.ExpectedConditions$23.apply(ExpectedConditions.java:656)
	at org.openqa.selenium.support.ui.ExpectedConditions$23.apply(ExpectedConditions.java:652)
	at org.openqa.selenium.support.ui.FluentWait.until(FluentWait.java:203)
	... 19 more
... Removed 14 stack frames</div></td></tr></table><p class="totop"><a href="#summary">back to summary</a></p>
<h3 id="m6">testscript.LoginTest#verifyLoginWithInvalidUsernameAndInvalidPassword</h3><table class="result"><tr class="param"><th>Parameter #1</th><th>Parameter #2</th></tr><tr class="param stripe"><td>user</td><td>password</td></tr><tr><th colspan="2">Exception</th></tr><tr><td colspan="2"><div class="stacktrace">org.openqa.selenium.remote.UnreachableBrowserException: Error communicating with the remote browser. It may have died.
Build info: version: &apos;4.31.0&apos;, revision: &apos;1ef9f18787*&apos;
System info: os.name: &apos;Windows 10&apos;, os.arch: &apos;amd64&apos;, os.version: &apos;10.0&apos;, java.version: &apos;21.0.8&apos;
Driver info: org.openqa.selenium.chrome.ChromeDriver
Command: [0e17fe4a64c7bac14286bd9d4d9796e0, findElement [using, value]]
Capabilities {acceptInsecureCerts: false, browserName: chrome, browserVersion: 142.0.7444.163, chrome: {chromedriverVersion: 142.0.7444.175 (302067f14a4..., userDataDir: C:\Users\USER\AppData\Local...}, fedcm:accounts: true, goog:chromeOptions: {debuggerAddress: localhost:52008}, goog:processID: 304, networkConnectionEnabled: false, pageLoadStrategy: normal, platformName: windows, proxy: Proxy(), se:cdp: ws://localhost:52008/devtoo..., se:cdpVersion: 142.0.7444.163, setWindowRect: true, strictFileInteractability: false, timeouts: {implicit: 0, pageLoad: 300000, script: 30000}, unhandledPromptBehavior: dismiss and notify, webauthn:extension:credBlob: true, webauthn:extension:largeBlob: true, webauthn:extension:minPinLength: true, webauthn:extension:prf: true, webauthn:virtualAuthenticators: true}
Session ID: 0e17fe4a64c7bac14286bd9d4d9796e0
	at org.openqa.selenium.remote.RemoteWebDriver.execute(RemoteWebDriver.java:572)
	at org.openqa.selenium.remote.ElementLocation$ElementFinder$2.findElement(ElementLocation.java:165)
	at org.openqa.selenium.remote.ElementLocation.findElement(ElementLocation.java:59)
	at org.openqa.selenium.remote.RemoteWebDriver.findElement(RemoteWebDriver.java:368)
	at org.openqa.selenium.remote.RemoteWebDriver.findElement(RemoteWebDriver.java:362)
	at org.openqa.selenium.support.pagefactory.DefaultElementLocator.findElement(DefaultElementLocator.java:68)
	at org.openqa.selenium.support.pagefactory.internal.LocatingElementHandler.invoke(LocatingElementHandler.java:38)
	at jdk.proxy2/jdk.proxy2.$Proxy16.sendKeys(Unknown Source)
	at pages.LoginPage.enterPassword(LoginPage.java:30)
	at testscript.LoginTest.verifyLoginWithInvalidUsernameAndInvalidPassword(LoginTest.java:89)
	at java.base/java.util.concurrent.Executors$RunnableAdapter.call(Executors.java:572)
	at java.base/java.util.concurrent.FutureTask.run(FutureTask.java:317)
	at java.base/java.util.concurrent.ThreadPoolExecutor.runWorker(ThreadPoolExecutor.java:1144)
	at java.base/java.util.concurrent.ThreadPoolExecutor$Worker.run(ThreadPoolExecutor.java:642)
	at java.base/java.lang.Thread.run(Thread.java:1583)
Caused by: java.io.UncheckedIOException: java.io.IOException: Task jdk.internal.net.http.common.SequentialScheduler$SchedulableTask@3096896d rejected from java.util.concurrent.ThreadPoolExecutor@3724c9a0[Shutting down, pool size = 2, active threads = 2, queued tasks = 0, completed tasks = 66]
	at org.openqa.selenium.remote.http.jdk.JdkHttpClient.execute0(JdkHttpClient.java:497)
	at org.openqa.selenium.remote.http.AddSeleniumUserAgent.lambda$apply$0(AddSeleniumUserAgent.java:42)
	at org.openqa.selenium.remote.http.Filter.lambda$andFinally$1(Filter.java:55)
	at org.openqa.selenium.remote.http.jdk.JdkHttpClient.lambda$executeAsync$1(JdkHttpClient.java:384)
	at java.base/java.util.concurrent.Executors$RunnableAdapter.call(Executors.java:572)
	at java.base/java.util.concurrent.FutureTask.run(FutureTask.java:317)
	... 3 more
Caused by: java.io.IOException: Task jdk.internal.net.http.common.SequentialScheduler$SchedulableTask@3096896d rejected from java.util.concurrent.ThreadPoolExecutor@3724c9a0[Shutting down, pool size = 2, active threads = 2, queued tasks = 0, completed tasks = 66]
	at java.net.http/jdk.internal.net.http.HttpClientImpl.send(HttpClientImpl.java:972)
	at java.net.http/jdk.internal.net.http.HttpClientFacade.send(HttpClientFacade.java:133)
	at org.openqa.selenium.remote.http.jdk.JdkHttpClient.execute0(JdkHttpClient.java:456)
	... 8 more
Caused by: java.util.concurrent.RejectedExecutionException: Task jdk.internal.net.http.common.SequentialScheduler$SchedulableTask@3096896d rejected from java.util.concurrent.ThreadPoolExecutor@3724c9a0[Shutting down, pool size = 2, active threads = 2, queued tasks = 0, completed tasks = 66]
	at java.base/java.util.concurrent.ThreadPoolExecutor$AbortPolicy.rejectedExecution(ThreadPoolExecutor.java:2081)
	at java.base/java.util.concurrent.ThreadPoolExecutor.reject(ThreadPoolExecutor.java:841)
	at java.base/java.util.concurrent.ThreadPoolExecutor.execute(ThreadPoolExecutor.java:1376)
	at java.net.http/jdk.internal.net.http.HttpClientImpl$DelegatingExecutor.ensureExecutedAsync(HttpClientImpl.java:183)
	at java.net.http/jdk.internal.net.http.HttpClientImpl$DelegatingExecutor.execute(HttpClientImpl.java:175)
	at java.net.http/jdk.internal.net.http.common.SequentialScheduler.runOrSchedule(SequentialScheduler.java:282)
	at java.net.http/jdk.internal.net.http.common.SequentialScheduler.runOrSchedule(SequentialScheduler.java:251)
	at java.net.http/jdk.internal.net.http.Http1AsyncReceiver.onReadError(Http1AsyncReceiver.java:516)
	at java.net.http/jdk.internal.net.http.Http1AsyncReceiver$Http1TubeSubscriber.onComplete(Http1AsyncReceiver.java:601)
	at java.net.http/jdk.internal.net.http.SocketTube$InternalReadPublisher$ReadSubscription.signalCompletion(SocketTube.java:648)
	at java.net.http/jdk.internal.net.http.SocketTube$InternalReadPublisher$InternalReadSubscription.read(SocketTube.java:853)
	at java.net.http/jdk.internal.net.http.SocketTube$SocketFlowTask.run(SocketTube.java:181)
	at java.net.http/jdk.internal.net.http.common.SequentialScheduler$SchedulableTask.run(SequentialScheduler.java:207)
	at java.net.http/jdk.internal.net.http.common.SequentialScheduler.runOrSchedule(SequentialScheduler.java:280)
	at java.net.http/jdk.internal.net.http.common.SequentialScheduler.runOrSchedule(SequentialScheduler.java:233)
	at java.net.http/jdk.internal.net.http.SocketTube$InternalReadPublisher$InternalReadSubscription.signalReadable(SocketTube.java:782)
	at java.net.http/jdk.internal.net.http.SocketTube$InternalReadPublisher$ReadEvent.signalEvent(SocketTube.java:965)
	at java.net.http/jdk.internal.net.http.SocketTube$SocketFlowEvent.handle(SocketTube.java:253)
	at java.net.http/jdk.internal.net.http.HttpClientImpl$SelectorManager.handleEvent(HttpClientImpl.java:1477)
	at java.net.http/jdk.internal.net.http.HttpClientImpl$SelectorManager.lambda$run$3(HttpClientImpl.java:1422)
	at java.base/java.util.ArrayList.forEach(ArrayList.java:1596)
	at java.net.http/jdk.internal.net.http.HttpClientImpl$SelectorManager.run(HttpClientImpl.java:1422)
... Removed 11 stack frames</div></td></tr></table><p class="totop"><a href="#summary">back to summary</a></p>
<h3 id="m7">testscript.LoginTest#verifyLoginWithInvalidUsernameAndValidPassword</h3><table class="result"><tr><th>Exception</th></tr><tr><td><div class="stacktrace">org.apache.poi.EmptyFileException: The supplied file was empty (zero bytes long)
	at org.apache.poi.util.IOUtils.peekFirstNBytes(IOUtils.java:149)
	at org.apache.poi.poifs.filesystem.FileMagic.valueOf(FileMagic.java:209)
	at org.apache.poi.openxml4j.opc.internal.ZipHelper.verifyZipHeader(ZipHelper.java:144)
	at org.apache.poi.openxml4j.opc.internal.ZipHelper.openZipStream(ZipHelper.java:188)
	at org.apache.poi.openxml4j.opc.ZipPackage.&lt;init&gt;(ZipPackage.java:156)
	at org.apache.poi.openxml4j.opc.OPCPackage.open(OPCPackage.java:351)
	at org.apache.poi.ooxml.util.PackageHelper.open(PackageHelper.java:64)
	at org.apache.poi.xssf.usermodel.XSSFWorkbook.&lt;init&gt;(XSSFWorkbook.java:313)
	at org.apache.poi.xssf.usermodel.XSSFWorkbook.&lt;init&gt;(XSSFWorkbook.java:287)
	at utilities.ExcelUtility.getStringData(ExcelUtility.java:28)
	at testscript.LoginTest.verifyLoginWithInvalidUsernameAndValidPassword(LoginTest.java:43)
	at java.base/java.util.concurrent.Executors$RunnableAdapter.call(Executors.java:572)
	at java.base/java.util.concurrent.FutureTask.run(FutureTask.java:317)
	at java.base/java.util.concurrent.ThreadPoolExecutor.runWorker(ThreadPoolExecutor.java:1144)
	at java.base/java.util.concurrent.ThreadPoolExecutor$Worker.run(ThreadPoolExecutor.java:642)
	at java.base/java.lang.Thread.run(Thread.java:1583)
... Removed 11 stack frames</div></td></tr></table><p class="totop"><a href="#summary">back to summary</a></p>
<h3 id="m8">testscript.LoginTest#verifyLoginWithValidCredentials</h3><table class="result"><tr><th>Exception</th></tr><tr><td><div class="stacktrace">org.openqa.selenium.remote.UnreachableBrowserException: Error communicating with the remote browser. It may have died.
Build info: version: &apos;4.31.0&apos;, revision: &apos;1ef9f18787*&apos;
System info: os.name: &apos;Windows 10&apos;, os.arch: &apos;amd64&apos;, os.version: &apos;10.0&apos;, java.version: &apos;21.0.8&apos;
Driver info: org.openqa.selenium.chrome.ChromeDriver
Command: [86f09fa7c7e473c60a63e259ac17da4d, setTimeout [implicit]]
Capabilities {acceptInsecureCerts: false, browserName: chrome, browserVersion: 142.0.7444.163, chrome: {chromedriverVersion: 142.0.7444.175 (302067f14a4..., userDataDir: C:\Users\USER\AppData\Local...}, fedcm:accounts: true, goog:chromeOptions: {debuggerAddress: localhost:52210}, goog:processID: 16700, networkConnectionEnabled: false, pageLoadStrategy: normal, platformName: windows, proxy: Proxy(), se:cdp: ws://localhost:52210/devtoo..., se:cdpVersion: 142.0.7444.163, setWindowRect: true, strictFileInteractability: false, timeouts: {implicit: 0, pageLoad: 300000, script: 30000}, unhandledPromptBehavior: dismiss and notify, webauthn:extension:credBlob: true, webauthn:extension:largeBlob: true, webauthn:extension:minPinLength: true, webauthn:extension:prf: true, webauthn:virtualAuthenticators: true}
Session ID: 86f09fa7c7e473c60a63e259ac17da4d
	at org.openqa.selenium.remote.RemoteWebDriver.execute(RemoteWebDriver.java:572)
	at org.openqa.selenium.remote.RemoteWebDriver$RemoteWebDriverOptions$RemoteTimeouts.implicitlyWait(RemoteWebDriver.java:966)
	at pages.LoginPage.&lt;init&gt;(LoginPage.java:20)
	at testscript.LoginTest.verifyLoginWithValidCredentials(LoginTest.java:23)
	at java.base/java.util.concurrent.Executors$RunnableAdapter.call(Executors.java:572)
	at java.base/java.util.concurrent.FutureTask.run(FutureTask.java:317)
	at java.base/java.util.concurrent.ThreadPoolExecutor.runWorker(ThreadPoolExecutor.java:1144)
	at java.base/java.util.concurrent.ThreadPoolExecutor$Worker.run(ThreadPoolExecutor.java:642)
	at java.base/java.lang.Thread.run(Thread.java:1583)
Caused by: java.io.UncheckedIOException: java.io.IOException: Task jdk.internal.net.http.common.SequentialScheduler$SchedulableTask@280183a4 rejected from java.util.concurrent.ThreadPoolExecutor@4f12e021[Shutting down, pool size = 2, active threads = 2, queued tasks = 0, completed tasks = 29]
	at org.openqa.selenium.remote.http.jdk.JdkHttpClient.execute0(JdkHttpClient.java:497)
	at org.openqa.selenium.remote.http.AddSeleniumUserAgent.lambda$apply$0(AddSeleniumUserAgent.java:42)
	at org.openqa.selenium.remote.http.Filter.lambda$andFinally$1(Filter.java:55)
	at org.openqa.selenium.remote.http.jdk.JdkHttpClient.lambda$executeAsync$1(JdkHttpClient.java:384)
	at java.base/java.util.concurrent.Executors$RunnableAdapter.call(Executors.java:572)
	at java.base/java.util.concurrent.FutureTask.run(FutureTask.java:317)
	... 3 more
Caused by: java.io.IOException: Task jdk.internal.net.http.common.SequentialScheduler$SchedulableTask@280183a4 rejected from java.util.concurrent.ThreadPoolExecutor@4f12e021[Shutting down, pool size = 2, active threads = 2, queued tasks = 0, completed tasks = 29]
	at java.net.http/jdk.internal.net.http.HttpClientImpl.send(HttpClientImpl.java:972)
	at java.net.http/jdk.internal.net.http.HttpClientFacade.send(HttpClientFacade.java:133)
	at org.openqa.selenium.remote.http.jdk.JdkHttpClient.execute0(JdkHttpClient.java:456)
	... 8 more
Caused by: java.util.concurrent.RejectedExecutionException: Task jdk.internal.net.http.common.SequentialScheduler$SchedulableTask@280183a4 rejected from java.util.concurrent.ThreadPoolExecutor@4f12e021[Shutting down, pool size = 2, active threads = 2, queued tasks = 0, completed tasks = 29]
	at java.base/java.util.concurrent.ThreadPoolExecutor$AbortPolicy.rejectedExecution(ThreadPoolExecutor.java:2081)
	at java.base/java.util.concurrent.ThreadPoolExecutor.reject(ThreadPoolExecutor.java:841)
	at java.base/java.util.concurrent.ThreadPoolExecutor.execute(ThreadPoolExecutor.java:1376)
	at java.net.http/jdk.internal.net.http.HttpClientImpl$DelegatingExecutor.ensureExecutedAsync(HttpClientImpl.java:183)
	at java.net.http/jdk.internal.net.http.HttpClientImpl$DelegatingExecutor.execute(HttpClientImpl.java:175)
	at java.net.http/jdk.internal.net.http.common.SequentialScheduler.runOrSchedule(SequentialScheduler.java:282)
	at java.net.http/jdk.internal.net.http.common.SequentialScheduler.runOrSchedule(SequentialScheduler.java:251)
	at java.net.http/jdk.internal.net.http.Http1AsyncReceiver.onReadError(Http1AsyncReceiver.java:516)
	at java.net.http/jdk.internal.net.http.Http1AsyncReceiver$Http1TubeSubscriber.onComplete(Http1AsyncReceiver.java:601)
	at java.net.http/jdk.internal.net.http.SocketTube$InternalReadPublisher$ReadSubscription.signalCompletion(SocketTube.java:648)
	at java.net.http/jdk.internal.net.http.SocketTube$InternalReadPublisher$InternalReadSubscription.read(SocketTube.java:853)
	at java.net.http/jdk.internal.net.http.SocketTube$SocketFlowTask.run(SocketTube.java:181)
	at java.net.http/jdk.internal.net.http.common.SequentialScheduler$SchedulableTask.run(SequentialScheduler.java:207)
	at java.net.http/jdk.internal.net.http.common.SequentialScheduler.runOrSchedule(SequentialScheduler.java:280)
	at java.net.http/jdk.internal.net.http.common.SequentialScheduler.runOrSchedule(SequentialScheduler.java:233)
	at java.net.http/jdk.internal.net.http.SocketTube$InternalReadPublisher$InternalReadSubscription.signalReadable(SocketTube.java:782)
	at java.net.http/jdk.internal.net.http.SocketTube$InternalReadPublisher$ReadEvent.signalEvent(SocketTube.java:965)
	at java.net.http/jdk.internal.net.http.SocketTube$SocketFlowEvent.handle(SocketTube.java:253)
	at java.net.http/jdk.internal.net.http.HttpClientImpl$SelectorManager.handleEvent(HttpClientImpl.java:1477)
	at java.net.http/jdk.internal.net.http.HttpClientImpl$SelectorManager.lambda$run$3(HttpClientImpl.java:1422)
	at java.base/java.util.ArrayList.forEach(ArrayList.java:1596)
	at java.net.http/jdk.internal.net.http.HttpClientImpl$SelectorManager.run(HttpClientImpl.java:1422)
... Removed 11 stack frames</div></td></tr></table><p class="totop"><a href="#summary">back to summary</a></p>
<h3 id="m9">testscript.LoginTest#verifyLoginWithValidUsernameAndInvalidPassword</h3><table class="result"><tr><th>Exception</th></tr><tr><td><div class="stacktrace">org.apache.poi.EmptyFileException: The supplied file was empty (zero bytes long)
	at org.apache.poi.util.IOUtils.peekFirstNBytes(IOUtils.java:149)
	at org.apache.poi.poifs.filesystem.FileMagic.valueOf(FileMagic.java:209)
	at org.apache.poi.openxml4j.opc.internal.ZipHelper.verifyZipHeader(ZipHelper.java:144)
	at org.apache.poi.openxml4j.opc.internal.ZipHelper.openZipStream(ZipHelper.java:188)
	at org.apache.poi.openxml4j.opc.ZipPackage.&lt;init&gt;(ZipPackage.java:156)
	at org.apache.poi.openxml4j.opc.OPCPackage.open(OPCPackage.java:351)
	at org.apache.poi.ooxml.util.PackageHelper.open(PackageHelper.java:64)
	at org.apache.poi.xssf.usermodel.XSSFWorkbook.&lt;init&gt;(XSSFWorkbook.java:313)
	at org.apache.poi.xssf.usermodel.XSSFWorkbook.&lt;init&gt;(XSSFWorkbook.java:287)
	at utilities.ExcelUtility.getStringData(ExcelUtility.java:28)
	at testscript.LoginTest.verifyLoginWithValidUsernameAndInvalidPassword(LoginTest.java:64)
	at java.base/java.util.concurrent.Executors$RunnableAdapter.call(Executors.java:572)
	at java.base/java.util.concurrent.FutureTask.run(FutureTask.java:317)
	at java.base/java.util.concurrent.ThreadPoolExecutor.runWorker(ThreadPoolExecutor.java:1144)
	at java.base/java.util.concurrent.ThreadPoolExecutor$Worker.run(ThreadPoolExecutor.java:642)
	at java.base/java.lang.Thread.run(Thread.java:1583)
... Removed 11 stack frames</div></td></tr></table><p class="totop"><a href="#summary">back to summary</a></p>
<h3 id="m10">testscript.LoginTest#closeBrowser</h3><table class="result"><tr><th class="invisible"/></tr></table><p class="totop"><a href="#summary">back to summary</a></p>
<h3 id="m11">testscript.LoginTest#closeBrowser</h3><table class="result"><tr><th class="invisible"/></tr></table><p class="totop"><a href="#summary">back to summary</a></p>
<h3 id="m12">testscript.LoginTest#closeBrowser</h3><table class="result"><tr><th class="invisible"/></tr></table><p class="totop"><a href="#summary">back to summary</a></p>
<h3 id="m13">testscript.LoginTest#closeBrowser</h3><table class="result"><tr><th class="invisible"/></tr></table><p class="totop"><a href="#summary">back to summary</a></p>
<h3 id="m14">testscript.LoginTest#closeBrowser</h3><table class="result"><tr><th class="invisible"/></tr></table><p class="totop"><a href="#summary">back to summary</a></p>
<h3 id="m15">testscript.LoginTest#verifyLoginWithInvalidUsernameAndInvalidPassword</h3><table class="result"><tr class="param"><th>Parameter #1</th><th>Parameter #2</th></tr><tr class="param stripe"><td>user</td><td>password</td></tr><tr><th colspan="2">Exception</th></tr><tr><td colspan="2"><div class="stacktrace">org.openqa.selenium.WebDriverException: Timed out waiting for driver server to stop.
Build info: version: &apos;4.31.0&apos;, revision: &apos;1ef9f18787*&apos;
System info: os.name: &apos;Windows 10&apos;, os.arch: &apos;amd64&apos;, os.version: &apos;10.0&apos;, java.version: &apos;21.0.8&apos;
Driver info: org.openqa.selenium.chrome.ChromeDriver
Command: [0e17fe4a64c7bac14286bd9d4d9796e0, quit {}]
Capabilities {acceptInsecureCerts: false, browserName: chrome, browserVersion: 142.0.7444.163, chrome: {chromedriverVersion: 142.0.7444.175 (302067f14a4..., userDataDir: C:\Users\USER\AppData\Local...}, fedcm:accounts: true, goog:chromeOptions: {debuggerAddress: localhost:52008}, goog:processID: 304, networkConnectionEnabled: false, pageLoadStrategy: normal, platformName: windows, proxy: Proxy(), se:cdp: ws://localhost:52008/devtoo..., se:cdpVersion: 142.0.7444.163, setWindowRect: true, strictFileInteractability: false, timeouts: {implicit: 0, pageLoad: 300000, script: 30000}, unhandledPromptBehavior: dismiss and notify, webauthn:extension:credBlob: true, webauthn:extension:largeBlob: true, webauthn:extension:minPinLength: true, webauthn:extension:prf: true, webauthn:virtualAuthenticators: true}
	at org.openqa.selenium.remote.service.DriverCommandExecutor.execute(DriverCommandExecutor.java:164)
	at org.openqa.selenium.remote.RemoteWebDriver.execute(RemoteWebDriver.java:545)
	at org.openqa.selenium.remote.RemoteWebDriver.execute(RemoteWebDriver.java:618)
	at org.openqa.selenium.remote.RemoteWebDriver.execute(RemoteWebDriver.java:622)
	at org.openqa.selenium.remote.RemoteWebDriver.quit(RemoteWebDriver.java:446)
	at org.openqa.selenium.chromium.ChromiumDriver.quit(ChromiumDriver.java:418)
	at base.TestNGBase.driverQuit(TestNGBase.java:57)
	at java.base/java.util.concurrent.Executors$RunnableAdapter.call(Executors.java:572)
	at java.base/java.util.concurrent.FutureTask.run(FutureTask.java:317)
	at java.base/java.util.concurrent.ThreadPoolExecutor.runWorker(ThreadPoolExecutor.java:1144)
	at java.base/java.util.concurrent.ThreadPoolExecutor$Worker.run(ThreadPoolExecutor.java:642)
	at java.base/java.lang.Thread.run(Thread.java:1583)
Caused by: java.util.concurrent.ExecutionException: java.util.concurrent.RejectedExecutionException: Task java.util.concurrent.FutureTask@5ac33770[Not completed, task = java.util.concurrent.Executors$RunnableAdapter@1bfe3d4b[Wrapped task = org.openqa.selenium.remote.http.jdk.JdkHttpClient$$Lambda/0x000002878123fce0@1fc1baec]] rejected from java.util.concurrent.ThreadPoolExecutor@3724c9a0[Shutting down, pool size = 5, active threads = 2, queued tasks = 0, completed tasks = 66]
	at java.base/java.util.concurrent.CompletableFuture.reportGet(CompletableFuture.java:396)
	at java.base/java.util.concurrent.CompletableFuture.get(CompletableFuture.java:2096)
	at org.openqa.selenium.remote.service.DriverCommandExecutor.execute(DriverCommandExecutor.java:160)
	... 27 more
Caused by: java.util.concurrent.RejectedExecutionException: Task java.util.concurrent.FutureTask@5ac33770[Not completed, task = java.util.concurrent.Executors$RunnableAdapter@1bfe3d4b[Wrapped task = org.openqa.selenium.remote.http.jdk.JdkHttpClient$$Lambda/0x000002878123fce0@1fc1baec]] rejected from java.util.concurrent.ThreadPoolExecutor@3724c9a0[Shutting down, pool size = 5, active threads = 2, queued tasks = 0, completed tasks = 66]
	at java.base/java.util.concurrent.ThreadPoolExecutor$AbortPolicy.rejectedExecution(ThreadPoolExecutor.java:2081)
	at java.base/java.util.concurrent.ThreadPoolExecutor.reject(ThreadPoolExecutor.java:841)
	at java.base/java.util.concurrent.ThreadPoolExecutor.execute(ThreadPoolExecutor.java:1376)
	at java.base/java.util.concurrent.AbstractExecutorService.submit(AbstractExecutorService.java:123)
	at org.openqa.selenium.remote.http.jdk.JdkHttpClient.executeAsync(JdkHttpClient.java:381)
	at org.openqa.selenium.remote.http.jdk.JdkHttpClient.execute(JdkHttpClient.java:410)
	at org.openqa.selenium.remote.HttpCommandExecutor.execute(HttpCommandExecutor.java:212)
	at org.openqa.selenium.remote.service.DriverCommandExecutor.invokeExecute(DriverCommandExecutor.java:216)
	at org.openqa.selenium.remote.service.DriverCommandExecutor.lambda$execute$1(DriverCommandExecutor.java:126)
	at java.base/java.util.concurrent.CompletableFuture$AsyncSupply.run(CompletableFuture.java:1768)
	... 3 more
... Removed 16 stack frames</div></td></tr></table><p class="totop"><a href="#summary">back to summary</a></p>
<h3 id="m16">testscript.LoginTest#verifyLoginWithInvalidUsernameAndInvalidPassword</h3><table class="result"><tr class="param"><th>Parameter #1</th><th>Parameter #2</th></tr><tr class="param stripe"><td>username</td><td>pass</td></tr><tr><th colspan="2">Exception</th></tr><tr><td colspan="2"><div class="stacktrace">org.openqa.selenium.WebDriverException: Timed out waiting for driver server to stop.
Build info: version: &apos;4.31.0&apos;, revision: &apos;1ef9f18787*&apos;
System info: os.name: &apos;Windows 10&apos;, os.arch: &apos;amd64&apos;, os.version: &apos;10.0&apos;, java.version: &apos;21.0.8&apos;
Driver info: org.openqa.selenium.chrome.ChromeDriver
Command: [0e17fe4a64c7bac14286bd9d4d9796e0, quit {}]
Capabilities {acceptInsecureCerts: false, browserName: chrome, browserVersion: 142.0.7444.163, chrome: {chromedriverVersion: 142.0.7444.175 (302067f14a4..., userDataDir: C:\Users\USER\AppData\Local...}, fedcm:accounts: true, goog:chromeOptions: {debuggerAddress: localhost:52008}, goog:processID: 304, networkConnectionEnabled: false, pageLoadStrategy: normal, platformName: windows, proxy: Proxy(), se:cdp: ws://localhost:52008/devtoo..., se:cdpVersion: 142.0.7444.163, setWindowRect: true, strictFileInteractability: false, timeouts: {implicit: 0, pageLoad: 300000, script: 30000}, unhandledPromptBehavior: dismiss and notify, webauthn:extension:credBlob: true, webauthn:extension:largeBlob: true, webauthn:extension:minPinLength: true, webauthn:extension:prf: true, webauthn:virtualAuthenticators: true}
	at org.openqa.selenium.remote.service.DriverCommandExecutor.execute(DriverCommandExecutor.java:164)
	at org.openqa.selenium.remote.RemoteWebDriver.execute(RemoteWebDriver.java:545)
	at org.openqa.selenium.remote.RemoteWebDriver.execute(RemoteWebDriver.java:618)
	at org.openqa.selenium.remote.RemoteWebDriver.execute(RemoteWebDriver.java:622)
	at org.openqa.selenium.remote.RemoteWebDriver.quit(RemoteWebDriver.java:446)
	at org.openqa.selenium.chromium.ChromiumDriver.quit(ChromiumDriver.java:418)
	at base.TestNGBase.driverQuit(TestNGBase.java:57)
	at java.base/java.util.concurrent.Executors$RunnableAdapter.call(Executors.java:572)
	at java.base/java.util.concurrent.FutureTask.run(FutureTask.java:317)
	at java.base/java.util.concurrent.ThreadPoolExecutor.runWorker(ThreadPoolExecutor.java:1144)
	at java.base/java.util.concurrent.ThreadPoolExecutor$Worker.run(ThreadPoolExecutor.java:642)
	at java.base/java.lang.Thread.run(Thread.java:1583)
Caused by: java.util.concurrent.ExecutionException: java.util.concurrent.RejectedExecutionException: Task java.util.concurrent.FutureTask@5ac33770[Not completed, task = java.util.concurrent.Executors$RunnableAdapter@1bfe3d4b[Wrapped task = org.openqa.selenium.remote.http.jdk.JdkHttpClient$$Lambda/0x000002878123fce0@1fc1baec]] rejected from java.util.concurrent.ThreadPoolExecutor@3724c9a0[Shutting down, pool size = 5, active threads = 2, queued tasks = 0, completed tasks = 66]
	at java.base/java.util.concurrent.CompletableFuture.reportGet(CompletableFuture.java:396)
	at java.base/java.util.concurrent.CompletableFuture.get(CompletableFuture.java:2096)
	at org.openqa.selenium.remote.service.DriverCommandExecutor.execute(DriverCommandExecutor.java:160)
	... 27 more
Caused by: java.util.concurrent.RejectedExecutionException: Task java.util.concurrent.FutureTask@5ac33770[Not completed, task = java.util.concurrent.Executors$RunnableAdapter@1bfe3d4b[Wrapped task = org.openqa.selenium.remote.http.jdk.JdkHttpClient$$Lambda/0x000002878123fce0@1fc1baec]] rejected from java.util.concurrent.ThreadPoolExecutor@3724c9a0[Shutting down, pool size = 5, active threads = 2, queued tasks = 0, completed tasks = 66]
	at java.base/java.util.concurrent.ThreadPoolExecutor$AbortPolicy.rejectedExecution(ThreadPoolExecutor.java:2081)
	at java.base/java.util.concurrent.ThreadPoolExecutor.reject(ThreadPoolExecutor.java:841)
	at java.base/java.util.concurrent.ThreadPoolExecutor.execute(ThreadPoolExecutor.java:1376)
	at java.base/java.util.concurrent.AbstractExecutorService.submit(AbstractExecutorService.java:123)
	at org.openqa.selenium.remote.http.jdk.JdkHttpClient.executeAsync(JdkHttpClient.java:381)
	at org.openqa.selenium.remote.http.jdk.JdkHttpClient.execute(JdkHttpClient.java:410)
	at org.openqa.selenium.remote.HttpCommandExecutor.execute(HttpCommandExecutor.java:212)
	at org.openqa.selenium.remote.service.DriverCommandExecutor.invokeExecute(DriverCommandExecutor.java:216)
	at org.openqa.selenium.remote.service.DriverCommandExecutor.lambda$execute$1(DriverCommandExecutor.java:126)
	at java.base/java.util.concurrent.CompletableFuture$AsyncSupply.run(CompletableFuture.java:1768)
	... 3 more
... Removed 16 stack frames</div></td></tr></table><p class="totop"><a href="#summary">back to summary</a></p>
<h3 id="m17">testscript.HomeTest#verifyLogoutfunctionality</h3><table class="result"><tr><th>Exception</th></tr><tr><td><div class="stacktrace">org.openqa.selenium.TimeoutException: Expected condition failed: waiting for element to be clickable: Proxy element for: DefaultElementLocator &apos;By.xpath: i[@class=&apos;ace-icon fa fa-power-off&apos;]&apos; (tried for 5 second(s) with 500 milliseconds interval)
	at org.openqa.selenium.support.ui.WebDriverWait.timeoutException(WebDriverWait.java:84)
	at org.openqa.selenium.support.ui.FluentWait.until(FluentWait.java:228)
	at utilities.WaitUtility.waitUntilClickable(WaitUtility.java:16)
	at pages.HomePage.logout(HomePage.java:28)
	at testscript.HomeTest.verifyLogoutfunctionality(HomeTest.java:36)
	at java.base/java.util.concurrent.Executors$RunnableAdapter.call(Executors.java:572)
	at java.base/java.util.concurrent.FutureTask.run(FutureTask.java:317)
	at java.base/java.util.concurrent.ThreadPoolExecutor.runWorker(ThreadPoolExecutor.java:1144)
	at java.base/java.util.concurrent.ThreadPoolExecutor$Worker.run(ThreadPoolExecutor.java:642)
	at java.base/java.lang.Thread.run(Thread.java:1583)
Caused by: org.openqa.selenium.NoSuchElementException: no such element: Unable to locate element: {&quot;method&quot;:&quot;xpath&quot;,&quot;selector&quot;:&quot;i[@class=&apos;ace-icon fa fa-power-off&apos;]&quot;}
  (Session info: chrome=142.0.7444.163)
For documentation on this error, please visit: https://www.selenium.dev/documentation/webdriver/troubleshooting/errors#no-such-element-exception
Build info: version: &apos;4.31.0&apos;, revision: &apos;1ef9f18787*&apos;
System info: os.name: &apos;Windows 10&apos;, os.arch: &apos;amd64&apos;, os.version: &apos;10.0&apos;, java.version: &apos;21.0.8&apos;
Driver info: org.openqa.selenium.chrome.ChromeDriver
Command: [dacad514d8f2ad1d0e2f7efcdd5630d9, findElement {using=xpath, value=i[@class=&apos;ace-icon fa fa-power-off&apos;]}]
Capabilities {acceptInsecureCerts: false, browserName: chrome, browserVersion: 142.0.7444.163, chrome: {chromedriverVersion: 142.0.7444.175 (302067f14a4..., userDataDir: C:\Users\USER\AppData\Local...}, fedcm:accounts: true, goog:chromeOptions: {debuggerAddress: localhost:52110}, goog:processID: 20384, networkConnectionEnabled: false, pageLoadStrategy: normal, platformName: windows, proxy: Proxy(), se:cdp: ws://localhost:52110/devtoo..., se:cdpVersion: 142.0.7444.163, setWindowRect: true, strictFileInteractability: false, timeouts: {implicit: 0, pageLoad: 300000, script: 30000}, unhandledPromptBehavior: dismiss and notify, webauthn:extension:credBlob: true, webauthn:extension:largeBlob: true, webauthn:extension:minPinLength: true, webauthn:extension:prf: true, webauthn:virtualAuthenticators: true}
Session ID: dacad514d8f2ad1d0e2f7efcdd5630d9
	at org.openqa.selenium.remote.ErrorCodec.decode(ErrorCodec.java:167)
	at org.openqa.selenium.remote.codec.w3c.W3CHttpResponseCodec.decode(W3CHttpResponseCodec.java:138)
	at org.openqa.selenium.remote.codec.w3c.W3CHttpResponseCodec.decode(W3CHttpResponseCodec.java:50)
	at org.openqa.selenium.remote.HttpCommandExecutor.execute(HttpCommandExecutor.java:215)
	at org.openqa.selenium.remote.service.DriverCommandExecutor.invokeExecute(DriverCommandExecutor.java:216)
	at org.openqa.selenium.remote.service.DriverCommandExecutor.execute(DriverCommandExecutor.java:174)
	at org.openqa.selenium.remote.RemoteWebDriver.execute(RemoteWebDriver.java:545)
	at org.openqa.selenium.remote.ElementLocation$ElementFinder$2.findElement(ElementLocation.java:165)
	at org.openqa.selenium.remote.ElementLocation.findElement(ElementLocation.java:59)
	at org.openqa.selenium.remote.RemoteWebDriver.findElement(RemoteWebDriver.java:368)
	at org.openqa.selenium.remote.RemoteWebDriver.findElement(RemoteWebDriver.java:362)
	at org.openqa.selenium.support.pagefactory.DefaultElementLocator.findElement(DefaultElementLocator.java:68)
	at org.openqa.selenium.support.pagefactory.internal.LocatingElementHandler.invoke(LocatingElementHandler.java:38)
	at jdk.proxy2/jdk.proxy2.$Proxy16.isDisplayed(Unknown Source)
	at org.openqa.selenium.support.ui.ExpectedConditions.elementIfVisible(ExpectedConditions.java:304)
	at org.openqa.selenium.support.ui.ExpectedConditions$10.apply(ExpectedConditions.java:290)
	at org.openqa.selenium.support.ui.ExpectedConditions$10.apply(ExpectedConditions.java:287)
	at org.openqa.selenium.support.ui.ExpectedConditions$23.apply(ExpectedConditions.java:656)
	at org.openqa.selenium.support.ui.ExpectedConditions$23.apply(ExpectedConditions.java:652)
	at org.openqa.selenium.support.ui.FluentWait.until(FluentWait.java:203)
	... 19 more
... Removed 14 stack frames</div></td></tr></table><p class="totop"><a href="#summary">back to summary</a></p>
<h3 id="m18">testscript.HomeTest#verifyLogoutfunctionality</h3><table class="result"><tr><th>Exception</th></tr><tr><td><div class="stacktrace">java.io.IOException: Stream Closed
	at java.base/java.io.FileInputStream.available0(Native Method)
	at java.base/java.io.FileInputStream.available(FileInputStream.java:473)
	at java.base/java.io.BufferedInputStream.implRead(BufferedInputStream.java:428)
	at java.base/java.io.BufferedInputStream.read(BufferedInputStream.java:399)
	at java.base/java.io.FilterInputStream.read(FilterInputStream.java:119)
	at java.base/java.io.PushbackInputStream.read(PushbackInputStream.java:197)
	at org.apache.commons.compress.archivers.zip.ZipArchiveInputStream.realSkip(ZipArchiveInputStream.java:1324)
	at org.apache.commons.compress.archivers.zip.ZipArchiveInputStream.skipRemainderOfArchive(ZipArchiveInputStream.java:1376)
	at org.apache.commons.compress.archivers.zip.ZipArchiveInputStream.getNextZipEntry(ZipArchiveInputStream.java:767)
	at org.apache.poi.openxml4j.util.ZipArchiveThresholdInputStream.getNextEntry(ZipArchiveThresholdInputStream.java:150)
	at org.apache.poi.openxml4j.util.ZipInputStreamZipEntrySource.&lt;init&gt;(ZipInputStreamZipEntrySource.java:94)
	at org.apache.poi.openxml4j.opc.ZipPackage.&lt;init&gt;(ZipPackage.java:157)
	at org.apache.poi.openxml4j.opc.OPCPackage.open(OPCPackage.java:351)
	at org.apache.poi.ooxml.util.PackageHelper.open(PackageHelper.java:64)
	at org.apache.poi.xssf.usermodel.XSSFWorkbook.&lt;init&gt;(XSSFWorkbook.java:313)
	at org.apache.poi.xssf.usermodel.XSSFWorkbook.&lt;init&gt;(XSSFWorkbook.java:287)
	at utilities.ExcelUtility.getStringData(ExcelUtility.java:28)
	at testscript.HomeTest.verifyLogoutfunctionality(HomeTest.java:20)
	at java.base/java.util.concurrent.Executors$RunnableAdapter.call(Executors.java:572)
	at java.base/java.util.concurrent.FutureTask.run(FutureTask.java:317)
	at java.base/java.util.concurrent.ThreadPoolExecutor.runWorker(ThreadPoolExecutor.java:1144)
	at java.base/java.util.concurrent.ThreadPoolExecutor$Worker.run(ThreadPoolExecutor.java:642)
	at java.base/java.lang.Thread.run(Thread.java:1583)
... Removed 11 stack frames</div></td></tr></table><p class="totop"><a href="#summary">back to summary</a></p>
<h3 id="m19">testscript.LoginTest#verifyLoginWithValidCredentials</h3><table class="result"><tr><th>Exception</th></tr><tr><td><div class="stacktrace">java.io.IOException: Stream Closed
	at java.base/java.io.FileInputStream.available0(Native Method)
	at java.base/java.io.FileInputStream.available(FileInputStream.java:473)
	at java.base/java.io.BufferedInputStream.implRead(BufferedInputStream.java:428)
	at java.base/java.io.BufferedInputStream.read(BufferedInputStream.java:399)
	at java.base/java.io.FilterInputStream.read(FilterInputStream.java:119)
	at java.base/java.io.PushbackInputStream.read(PushbackInputStream.java:197)
	at org.apache.commons.compress.archivers.zip.ZipArchiveInputStream.realSkip(ZipArchiveInputStream.java:1324)
	at org.apache.commons.compress.archivers.zip.ZipArchiveInputStream.isApkSigningBlock(ZipArchiveInputStream.java:929)
	at org.apache.commons.compress.archivers.zip.ZipArchiveInputStream.getNextZipEntry(ZipArchiveInputStream.java:765)
	at org.apache.poi.openxml4j.util.ZipArchiveThresholdInputStream.getNextEntry(ZipArchiveThresholdInputStream.java:150)
	at org.apache.poi.openxml4j.util.ZipInputStreamZipEntrySource.&lt;init&gt;(ZipInputStreamZipEntrySource.java:94)
	at org.apache.poi.openxml4j.opc.ZipPackage.&lt;init&gt;(ZipPackage.java:157)
	at org.apache.poi.openxml4j.opc.OPCPackage.open(OPCPackage.java:351)
	at org.apache.poi.ooxml.util.PackageHelper.open(PackageHelper.java:64)
	at org.apache.poi.xssf.usermodel.XSSFWorkbook.&lt;init&gt;(XSSFWorkbook.java:313)
	at org.apache.poi.xssf.usermodel.XSSFWorkbook.&lt;init&gt;(XSSFWorkbook.java:287)
	at utilities.ExcelUtility.getStringData(ExcelUtility.java:28)
	at testscript.LoginTest.verifyLoginWithValidCredentials(LoginTest.java:21)
	at java.base/java.util.concurrent.Executors$RunnableAdapter.call(Executors.java:572)
	at java.base/java.util.concurrent.FutureTask.run(FutureTask.java:317)
	at java.base/java.util.concurrent.ThreadPoolExecutor.runWorker(ThreadPoolExecutor.java:1144)
	at java.base/java.util.concurrent.ThreadPoolExecutor$Worker.run(ThreadPoolExecutor.java:642)
	at java.base/java.lang.Thread.run(Thread.java:1583)
... Removed 11 stack frames</div></td></tr></table><p class="totop"><a href="#summary">back to summary</a></p>
<h3 id="m20">testscript.LoginTest#verifyLoginWithValidCredentials</h3><table class="result"><tr><th>Exception</th></tr><tr><td><div class="stacktrace">org.openqa.selenium.NoSuchSessionException: Session ID is null. Using WebDriver after calling quit()?
Build info: version: &apos;4.31.0&apos;, revision: &apos;1ef9f18787*&apos;
System info: os.name: &apos;Windows 10&apos;, os.arch: &apos;amd64&apos;, os.version: &apos;10.0&apos;, java.version: &apos;21.0.8&apos;
Driver info: org.openqa.selenium.chrome.ChromeDriver
Command: [null, setTimeout {implicit=10000}]
Capabilities {acceptInsecureCerts: false, browserName: chrome, browserVersion: 142.0.7444.163, chrome: {chromedriverVersion: 142.0.7444.175 (302067f14a4..., userDataDir: C:\Users\USER\AppData\Local...}, fedcm:accounts: true, goog:chromeOptions: {debuggerAddress: localhost:52148}, goog:processID: 20256, networkConnectionEnabled: false, pageLoadStrategy: normal, platformName: windows, proxy: Proxy(), se:cdp: ws://localhost:52148/devtoo..., se:cdpVersion: 142.0.7444.163, setWindowRect: true, strictFileInteractability: false, timeouts: {implicit: 0, pageLoad: 300000, script: 30000}, unhandledPromptBehavior: dismiss and notify, webauthn:extension:credBlob: true, webauthn:extension:largeBlob: true, webauthn:extension:minPinLength: true, webauthn:extension:prf: true, webauthn:virtualAuthenticators: true}
	at org.openqa.selenium.remote.HttpCommandExecutor.execute(HttpCommandExecutor.java:176)
	at org.openqa.selenium.remote.service.DriverCommandExecutor.invokeExecute(DriverCommandExecutor.java:216)
	at org.openqa.selenium.remote.service.DriverCommandExecutor.execute(DriverCommandExecutor.java:174)
	at org.openqa.selenium.remote.RemoteWebDriver.execute(RemoteWebDriver.java:545)
	at org.openqa.selenium.remote.RemoteWebDriver$RemoteWebDriverOptions$RemoteTimeouts.implicitlyWait(RemoteWebDriver.java:966)
	at pages.LoginPage.&lt;init&gt;(LoginPage.java:20)
	at testscript.LoginTest.verifyLoginWithValidCredentials(LoginTest.java:23)
	at java.base/java.util.concurrent.Executors$RunnableAdapter.call(Executors.java:572)
	at java.base/java.util.concurrent.FutureTask.run(FutureTask.java:317)
	at java.base/java.util.concurrent.ThreadPoolExecutor.runWorker(ThreadPoolExecutor.java:1144)
	at java.base/java.util.concurrent.ThreadPoolExecutor$Worker.run(ThreadPoolExecutor.java:642)
	at java.base/java.lang.Thread.run(Thread.java:1583)
... Removed 11 stack frames</div></td></tr></table><p class="totop"><a href="#summary">back to summary</a></p>
<h2>FirefoxTest</h2><h3 id="m21">testscript.LoginTest#driverQuit</h3><table class="result"><tr class="param"><th>Parameter #1</th></tr><tr class="param stripe"><td>[TestResult name=verifyLoginWithInvalidUsernameAndValidPassword status=FAILURE method=LoginTest.verifyLoginWithInvalidUsernameAndValidPassword()[pri:2, instance:testscript.LoginTest@51bf5add] output={null}]</td></tr><tr><th>Exception</th></tr><tr><td><div class="stacktrace">org.openqa.selenium.WebDriverException: Timed out waiting for driver server to stop.
Build info: version: &apos;4.31.0&apos;, revision: &apos;1ef9f18787*&apos;
System info: os.name: &apos;Windows 10&apos;, os.arch: &apos;amd64&apos;, os.version: &apos;10.0&apos;, java.version: &apos;21.0.8&apos;
Driver info: org.openqa.selenium.firefox.FirefoxDriver
Command: [02e2a271-b17c-49c4-9c9b-cdf07ee8a3df, quit {}]
Capabilities {acceptInsecureCerts: true, browserName: firefox, browserVersion: 144.0, moz:accessibilityChecks: false, moz:buildID: 20251009125714, moz:geckodriverVersion: 0.36.0, moz:headless: false, moz:platformVersion: 10.0, moz:processID: 14816, moz:profile: C:\Users\USER\AppData\Local..., moz:shutdownTimeout: 60000, moz:webdriverClick: true, moz:windowless: false, pageLoadStrategy: normal, platformName: windows, proxy: Proxy(), setWindowRect: true, strictFileInteractability: false, timeouts: {implicit: 0, pageLoad: 300000, script: 30000}, unhandledPromptBehavior: dismiss and notify, userAgent: Mozilla/5.0 (Windows NT 10....}
	at org.openqa.selenium.remote.service.DriverCommandExecutor.execute(DriverCommandExecutor.java:164)
	at org.openqa.selenium.remote.RemoteWebDriver.execute(RemoteWebDriver.java:545)
	at org.openqa.selenium.remote.RemoteWebDriver.execute(RemoteWebDriver.java:618)
	at org.openqa.selenium.remote.RemoteWebDriver.execute(RemoteWebDriver.java:622)
	at org.openqa.selenium.remote.RemoteWebDriver.quit(RemoteWebDriver.java:446)
	at org.openqa.selenium.firefox.FirefoxDriver.quit(FirefoxDriver.java:302)
	at base.TestNGBase.driverQuit(TestNGBase.java:57)
	at java.base/java.util.concurrent.Executors$RunnableAdapter.call(Executors.java:572)
	at java.base/java.util.concurrent.FutureTask.run(FutureTask.java:317)
	at java.base/java.util.concurrent.ThreadPoolExecutor.runWorker(ThreadPoolExecutor.java:1144)
	at java.base/java.util.concurrent.ThreadPoolExecutor$Worker.run(ThreadPoolExecutor.java:642)
	at java.base/java.lang.Thread.run(Thread.java:1583)
Caused by: java.util.concurrent.ExecutionException: java.util.concurrent.RejectedExecutionException: Task java.util.concurrent.FutureTask@2d478d77[Not completed, task = java.util.concurrent.Executors$RunnableAdapter@1c91f713[Wrapped task = org.openqa.selenium.remote.http.jdk.JdkHttpClient$$Lambda/0x000002878123fce0@17b86715]] rejected from java.util.concurrent.ThreadPoolExecutor@623e3f3a[Terminated, pool size = 0, active threads = 0, queued tasks = 0, completed tasks = 89]
	at java.base/java.util.concurrent.CompletableFuture.reportGet(CompletableFuture.java:396)
	at java.base/java.util.concurrent.CompletableFuture.get(CompletableFuture.java:2096)
	at org.openqa.selenium.remote.service.DriverCommandExecutor.execute(DriverCommandExecutor.java:160)
	... 27 more
Caused by: java.util.concurrent.RejectedExecutionException: Task java.util.concurrent.FutureTask@2d478d77[Not completed, task = java.util.concurrent.Executors$RunnableAdapter@1c91f713[Wrapped task = org.openqa.selenium.remote.http.jdk.JdkHttpClient$$Lambda/0x000002878123fce0@17b86715]] rejected from java.util.concurrent.ThreadPoolExecutor@623e3f3a[Terminated, pool size = 0, active threads = 0, queued tasks = 0, completed tasks = 89]
	at java.base/java.util.concurrent.ThreadPoolExecutor$AbortPolicy.rejectedExecution(ThreadPoolExecutor.java:2081)
	at java.base/java.util.concurrent.ThreadPoolExecutor.reject(ThreadPoolExecutor.java:841)
	at java.base/java.util.concurrent.ThreadPoolExecutor.execute(ThreadPoolExecutor.java:1376)
	at java.base/java.util.concurrent.AbstractExecutorService.submit(AbstractExecutorService.java:123)
	at org.openqa.selenium.remote.http.jdk.JdkHttpClient.executeAsync(JdkHttpClient.java:381)
	at org.openqa.selenium.remote.http.jdk.JdkHttpClient.execute(JdkHttpClient.java:410)
	at org.openqa.selenium.remote.HttpCommandExecutor.execute(HttpCommandExecutor.java:212)
	at org.openqa.selenium.remote.service.DriverCommandExecutor.invokeExecute(DriverCommandExecutor.java:216)
	at org.openqa.selenium.remote.service.DriverCommandExecutor.lambda$execute$1(DriverCommandExecutor.java:126)
	at java.base/java.util.concurrent.CompletableFuture$AsyncSupply.run(CompletableFuture.java:1768)
	... 3 more
... Removed 16 stack frames</div></td></tr></table><p class="totop"><a href="#summary">back to summary</a></p>
<h3 id="m22">testscript.LoginTest#driverQuit</h3><table class="result"><tr class="param"><th>Parameter #1</th></tr><tr class="param stripe"><td>[TestResult name=verifyLoginWithValidUsernameAndInvalidPassword status=SUCCESS method=LoginTest.verifyLoginWithValidUsernameAndInvalidPassword()[pri:3, instance:testscript.LoginTest@51bf5add] output={null}]</td></tr><tr><th>Exception</th></tr><tr><td><div class="stacktrace">org.openqa.selenium.WebDriverException: Timed out waiting for driver server to stop.
Build info: version: &apos;4.31.0&apos;, revision: &apos;1ef9f18787*&apos;
System info: os.name: &apos;Windows 10&apos;, os.arch: &apos;amd64&apos;, os.version: &apos;10.0&apos;, java.version: &apos;21.0.8&apos;
Driver info: org.openqa.selenium.firefox.FirefoxDriver
Command: [02e2a271-b17c-49c4-9c9b-cdf07ee8a3df, quit {}]
Capabilities {acceptInsecureCerts: true, browserName: firefox, browserVersion: 144.0, moz:accessibilityChecks: false, moz:buildID: 20251009125714, moz:geckodriverVersion: 0.36.0, moz:headless: false, moz:platformVersion: 10.0, moz:processID: 14816, moz:profile: C:\Users\USER\AppData\Local..., moz:shutdownTimeout: 60000, moz:webdriverClick: true, moz:windowless: false, pageLoadStrategy: normal, platformName: windows, proxy: Proxy(), setWindowRect: true, strictFileInteractability: false, timeouts: {implicit: 0, pageLoad: 300000, script: 30000}, unhandledPromptBehavior: dismiss and notify, userAgent: Mozilla/5.0 (Windows NT 10....}
	at org.openqa.selenium.remote.service.DriverCommandExecutor.execute(DriverCommandExecutor.java:164)
	at org.openqa.selenium.remote.RemoteWebDriver.execute(RemoteWebDriver.java:545)
	at org.openqa.selenium.remote.RemoteWebDriver.execute(RemoteWebDriver.java:618)
	at org.openqa.selenium.remote.RemoteWebDriver.execute(RemoteWebDriver.java:622)
	at org.openqa.selenium.remote.RemoteWebDriver.quit(RemoteWebDriver.java:446)
	at org.openqa.selenium.firefox.FirefoxDriver.quit(FirefoxDriver.java:302)
	at base.TestNGBase.driverQuit(TestNGBase.java:57)
	at java.base/java.util.concurrent.Executors$RunnableAdapter.call(Executors.java:572)
	at java.base/java.util.concurrent.FutureTask.run(FutureTask.java:317)
	at java.base/java.util.concurrent.ThreadPoolExecutor.runWorker(ThreadPoolExecutor.java:1144)
	at java.base/java.util.concurrent.ThreadPoolExecutor$Worker.run(ThreadPoolExecutor.java:642)
	at java.base/java.lang.Thread.run(Thread.java:1583)
Caused by: java.util.concurrent.ExecutionException: java.util.concurrent.RejectedExecutionException: Task java.util.concurrent.FutureTask@59936245[Not completed, task = java.util.concurrent.Executors$RunnableAdapter@536b0935[Wrapped task = org.openqa.selenium.remote.http.jdk.JdkHttpClient$$Lambda/0x000002878123fce0@5dacfd28]] rejected from java.util.concurrent.ThreadPoolExecutor@623e3f3a[Shutting down, pool size = 2, active threads = 1, queued tasks = 0, completed tasks = 88]
	at java.base/java.util.concurrent.CompletableFuture.reportGet(CompletableFuture.java:396)
	at java.base/java.util.concurrent.CompletableFuture.get(CompletableFuture.java:2096)
	at org.openqa.selenium.remote.service.DriverCommandExecutor.execute(DriverCommandExecutor.java:160)
	... 27 more
Caused by: java.util.concurrent.RejectedExecutionException: Task java.util.concurrent.FutureTask@59936245[Not completed, task = java.util.concurrent.Executors$RunnableAdapter@536b0935[Wrapped task = org.openqa.selenium.remote.http.jdk.JdkHttpClient$$Lambda/0x000002878123fce0@5dacfd28]] rejected from java.util.concurrent.ThreadPoolExecutor@623e3f3a[Shutting down, pool size = 2, active threads = 1, queued tasks = 0, completed tasks = 88]
	at java.base/java.util.concurrent.ThreadPoolExecutor$AbortPolicy.rejectedExecution(ThreadPoolExecutor.java:2081)
	at java.base/java.util.concurrent.ThreadPoolExecutor.reject(ThreadPoolExecutor.java:841)
	at java.base/java.util.concurrent.ThreadPoolExecutor.execute(ThreadPoolExecutor.java:1376)
	at java.base/java.util.concurrent.AbstractExecutorService.submit(AbstractExecutorService.java:123)
	at org.openqa.selenium.remote.http.jdk.JdkHttpClient.executeAsync(JdkHttpClient.java:381)
	at org.openqa.selenium.remote.http.jdk.JdkHttpClient.execute(JdkHttpClient.java:410)
	at org.openqa.selenium.remote.HttpCommandExecutor.execute(HttpCommandExecutor.java:212)
	at org.openqa.selenium.remote.service.DriverCommandExecutor.invokeExecute(DriverCommandExecutor.java:216)
	at org.openqa.selenium.remote.service.DriverCommandExecutor.lambda$execute$1(DriverCommandExecutor.java:126)
	at java.base/java.util.concurrent.CompletableFuture$AsyncSupply.run(CompletableFuture.java:1768)
	... 3 more
... Removed 16 stack frames</div></td></tr></table><p class="totop"><a href="#summary">back to summary</a></p>
<h3 id="m23">testscript.HomeTest#verifyLogoutfunctionality</h3><table class="result"><tr><th>Exception</th></tr><tr><td><div class="stacktrace">org.openqa.selenium.TimeoutException: Expected condition failed: waiting for element to be clickable: Proxy element for: DefaultElementLocator &apos;By.xpath: i[@class=&apos;ace-icon fa fa-power-off&apos;]&apos; (tried for 5 second(s) with 500 milliseconds interval)
	at org.openqa.selenium.support.ui.WebDriverWait.timeoutException(WebDriverWait.java:84)
	at org.openqa.selenium.support.ui.FluentWait.until(FluentWait.java:228)
	at utilities.WaitUtility.waitUntilClickable(WaitUtility.java:16)
	at pages.HomePage.logout(HomePage.java:28)
	at testscript.HomeTest.verifyLogoutfunctionality(HomeTest.java:36)
	at java.base/java.util.concurrent.Executors$RunnableAdapter.call(Executors.java:572)
	at java.base/java.util.concurrent.FutureTask.run(FutureTask.java:317)
	at java.base/java.util.concurrent.ThreadPoolExecutor.runWorker(ThreadPoolExecutor.java:1144)
	at java.base/java.util.concurrent.ThreadPoolExecutor$Worker.run(ThreadPoolExecutor.java:642)
	at java.base/java.lang.Thread.run(Thread.java:1583)
Caused by: org.openqa.selenium.NoSuchElementException: Unable to locate element: i[@class=&apos;ace-icon fa fa-power-off&apos;]
For documentation on this error, please visit: https://www.selenium.dev/documentation/webdriver/troubleshooting/errors#no-such-element-exception
Build info: version: &apos;4.31.0&apos;, revision: &apos;1ef9f18787*&apos;
System info: os.name: &apos;Windows 10&apos;, os.arch: &apos;amd64&apos;, os.version: &apos;10.0&apos;, java.version: &apos;21.0.8&apos;
Driver info: org.openqa.selenium.firefox.FirefoxDriver
Command: [97a3161a-3c80-4a05-b692-ee7e19186e7f, findElement {using=xpath, value=i[@class=&apos;ace-icon fa fa-power-off&apos;]}]
Capabilities {acceptInsecureCerts: true, browserName: firefox, browserVersion: 144.0, moz:accessibilityChecks: false, moz:buildID: 20251009125714, moz:geckodriverVersion: 0.36.0, moz:headless: false, moz:platformVersion: 10.0, moz:processID: 16120, moz:profile: C:\Users\USER\AppData\Local..., moz:shutdownTimeout: 60000, moz:webdriverClick: true, moz:windowless: false, pageLoadStrategy: normal, platformName: windows, proxy: Proxy(), setWindowRect: true, strictFileInteractability: false, timeouts: {implicit: 0, pageLoad: 300000, script: 30000}, unhandledPromptBehavior: dismiss and notify, userAgent: Mozilla/5.0 (Windows NT 10....}
Session ID: 97a3161a-3c80-4a05-b692-ee7e19186e7f
	at org.openqa.selenium.remote.ErrorCodec.decode(ErrorCodec.java:167)
	at org.openqa.selenium.remote.codec.w3c.W3CHttpResponseCodec.decode(W3CHttpResponseCodec.java:138)
	at org.openqa.selenium.remote.codec.w3c.W3CHttpResponseCodec.decode(W3CHttpResponseCodec.java:50)
	at org.openqa.selenium.remote.HttpCommandExecutor.execute(HttpCommandExecutor.java:215)
	at org.openqa.selenium.remote.service.DriverCommandExecutor.invokeExecute(DriverCommandExecutor.java:216)
	at org.openqa.selenium.remote.service.DriverCommandExecutor.execute(DriverCommandExecutor.java:174)
	at org.openqa.selenium.remote.RemoteWebDriver.execute(RemoteWebDriver.java:545)
	at org.openqa.selenium.remote.ElementLocation$ElementFinder$2.findElement(ElementLocation.java:165)
	at org.openqa.selenium.remote.ElementLocation.findElement(ElementLocation.java:59)
	at org.openqa.selenium.remote.RemoteWebDriver.findElement(RemoteWebDriver.java:368)
	at org.openqa.selenium.remote.RemoteWebDriver.findElement(RemoteWebDriver.java:362)
	at org.openqa.selenium.support.pagefactory.DefaultElementLocator.findElement(DefaultElementLocator.java:68)
	at org.openqa.selenium.support.pagefactory.internal.LocatingElementHandler.invoke(LocatingElementHandler.java:38)
	at jdk.proxy2/jdk.proxy2.$Proxy16.isDisplayed(Unknown Source)
	at org.openqa.selenium.support.ui.ExpectedConditions.elementIfVisible(ExpectedConditions.java:304)
	at org.openqa.selenium.support.ui.ExpectedConditions$10.apply(ExpectedConditions.java:290)
	at org.openqa.selenium.support.ui.ExpectedConditions$10.apply(ExpectedConditions.java:287)
	at org.openqa.selenium.support.ui.ExpectedConditions$23.apply(ExpectedConditions.java:656)
	at org.openqa.selenium.support.ui.ExpectedConditions$23.apply(ExpectedConditions.java:652)
	at org.openqa.selenium.support.ui.FluentWait.until(FluentWait.java:203)
	... 19 more
... Removed 14 stack frames</div></td></tr></table><p class="totop"><a href="#summary">back to summary</a></p>
<h3 id="m24">testscript.LoginTest#verifyLoginWithInvalidUsernameAndValidPassword</h3><table class="result"><tr><th>Exception</th></tr><tr><td><div class="stacktrace">org.openqa.selenium.remote.UnreachableBrowserException: Error communicating with the remote browser. It may have died.
Build info: version: &apos;4.31.0&apos;, revision: &apos;1ef9f18787*&apos;
System info: os.name: &apos;Windows 10&apos;, os.arch: &apos;amd64&apos;, os.version: &apos;10.0&apos;, java.version: &apos;21.0.8&apos;
Driver info: org.openqa.selenium.firefox.FirefoxDriver
Command: [8861aa73-7bba-4ad6-8d9c-fa334e437ac9, sendKeysToElement [id, value]]
Capabilities {acceptInsecureCerts: true, browserName: firefox, browserVersion: 144.0, moz:accessibilityChecks: false, moz:buildID: 20251009125714, moz:geckodriverVersion: 0.36.0, moz:headless: false, moz:platformVersion: 10.0, moz:processID: 20208, moz:profile: C:\Users\USER\AppData\Local..., moz:shutdownTimeout: 60000, moz:webdriverClick: true, moz:windowless: false, pageLoadStrategy: normal, platformName: windows, proxy: Proxy(), setWindowRect: true, strictFileInteractability: false, timeouts: {implicit: 0, pageLoad: 300000, script: 30000}, unhandledPromptBehavior: dismiss and notify, userAgent: Mozilla/5.0 (Windows NT 10....}
Element: [[FirefoxDriver: firefox on windows (8861aa73-7bba-4ad6-8d9c-fa334e437ac9)] -&gt; xpath: //input	[@name=&apos;password&apos;]]
Session ID: 8861aa73-7bba-4ad6-8d9c-fa334e437ac9
	at org.openqa.selenium.remote.RemoteWebDriver.execute(RemoteWebDriver.java:572)
	at org.openqa.selenium.remote.RemoteWebElement.execute(RemoteWebElement.java:223)
	at org.openqa.selenium.remote.RemoteWebElement.sendKeys(RemoteWebElement.java:110)
	at org.openqa.selenium.support.pagefactory.internal.LocatingElementHandler.invoke(LocatingElementHandler.java:51)
	at jdk.proxy2/jdk.proxy2.$Proxy16.sendKeys(Unknown Source)
	at pages.LoginPage.enterPassword(LoginPage.java:30)
	at testscript.LoginTest.verifyLoginWithInvalidUsernameAndValidPassword(LoginTest.java:47)
	at java.base/java.util.concurrent.Executors$RunnableAdapter.call(Executors.java:572)
	at java.base/java.util.concurrent.FutureTask.run(FutureTask.java:317)
	at java.base/java.util.concurrent.ThreadPoolExecutor.runWorker(ThreadPoolExecutor.java:1144)
	at java.base/java.util.concurrent.ThreadPoolExecutor$Worker.run(ThreadPoolExecutor.java:642)
	at java.base/java.lang.Thread.run(Thread.java:1583)
Caused by: java.io.UncheckedIOException: java.io.IOException: selector manager closed
	at org.openqa.selenium.remote.http.jdk.JdkHttpClient.execute0(JdkHttpClient.java:497)
	at org.openqa.selenium.remote.http.AddSeleniumUserAgent.lambda$apply$0(AddSeleniumUserAgent.java:42)
	at org.openqa.selenium.remote.http.Filter.lambda$andFinally$1(Filter.java:55)
	at org.openqa.selenium.remote.http.jdk.JdkHttpClient.lambda$executeAsync$1(JdkHttpClient.java:384)
	at java.base/java.util.concurrent.Executors$RunnableAdapter.call(Executors.java:572)
	at java.base/java.util.concurrent.FutureTask.run(FutureTask.java:317)
	... 3 more
Caused by: java.io.IOException: selector manager closed
	at java.net.http/jdk.internal.net.http.HttpClientImpl.send(HttpClientImpl.java:970)
	at java.net.http/jdk.internal.net.http.HttpClientFacade.send(HttpClientFacade.java:133)
	at org.openqa.selenium.remote.http.jdk.JdkHttpClient.execute0(JdkHttpClient.java:456)
	... 8 more
Caused by: java.io.IOException: selector manager closed
	at java.net.http/jdk.internal.net.http.HttpClientImpl$SelectorManager.selectorClosedException(HttpClientImpl.java:1136)
	at java.net.http/jdk.internal.net.http.HttpClientImpl.registerSubscriber(HttpClientImpl.java:588)
	at java.net.http/jdk.internal.net.http.Http1Exchange.registerResponseSubscriber(Http1Exchange.java:285)
	at java.net.http/jdk.internal.net.http.Http1Exchange$Http1ResponseBodySubscriber.register(Http1Exchange.java:214)
	at java.net.http/jdk.internal.net.http.common.HttpBodySubscriberWrapper.tryRegister(HttpBodySubscriberWrapper.java:194)
	at java.net.http/jdk.internal.net.http.common.HttpBodySubscriberWrapper.onSubscribe(HttpBodySubscriberWrapper.java:369)
	at java.net.http/jdk.internal.net.http.ResponseContent$FixedLengthBodyParser.onSubscribe(ResponseContent.java:562)
	at java.net.http/jdk.internal.net.http.Http1Response$BodyReader.onSubscribe(Http1Response.java:690)
	at java.net.http/jdk.internal.net.http.Http1AsyncReceiver.handlePendingDelegate(Http1AsyncReceiver.java:395)
	at java.net.http/jdk.internal.net.http.Http1AsyncReceiver.flush(Http1AsyncReceiver.java:214)
	at java.net.http/jdk.internal.net.http.common.SequentialScheduler$LockingRestartableTask.run(SequentialScheduler.java:182)
	at java.net.http/jdk.internal.net.http.common.SequentialScheduler$CompleteRestartableTask.run(SequentialScheduler.java:149)
	at java.net.http/jdk.internal.net.http.common.SequentialScheduler$TryEndDeferredCompleter.complete(SequentialScheduler.java:324)
	at java.net.http/jdk.internal.net.http.common.SequentialScheduler$CompleteRestartableTask.run(SequentialScheduler.java:151)
	at java.net.http/jdk.internal.net.http.common.SequentialScheduler$SchedulableTask.run(SequentialScheduler.java:207)
	... 3 more
Caused by: java.util.concurrent.RejectedExecutionException: Task jdk.internal.net.http.common.SequentialScheduler$SchedulableTask@55c87350 rejected from java.util.concurrent.ThreadPoolExecutor@588bbca7[Shutting down, pool size = 6, active threads = 3, queued tasks = 0, completed tasks = 77]
	at java.base/java.util.concurrent.ThreadPoolExecutor$AbortPolicy.rejectedExecution(ThreadPoolExecutor.java:2081)
	at java.base/java.util.concurrent.ThreadPoolExecutor.reject(ThreadPoolExecutor.java:841)
	at java.base/java.util.concurrent.ThreadPoolExecutor.execute(ThreadPoolExecutor.java:1376)
	at java.net.http/jdk.internal.net.http.HttpClientImpl$DelegatingExecutor.ensureExecutedAsync(HttpClientImpl.java:183)
	at java.net.http/jdk.internal.net.http.HttpClientImpl$DelegatingExecutor.execute(HttpClientImpl.java:175)
	at java.net.http/jdk.internal.net.http.common.SequentialScheduler.runOrSchedule(SequentialScheduler.java:282)
	at java.net.http/jdk.internal.net.http.common.SequentialScheduler.runOrSchedule(SequentialScheduler.java:251)
	at java.net.http/jdk.internal.net.http.Http1AsyncReceiver.asyncReceive(Http1AsyncReceiver.java:468)
	at java.net.http/jdk.internal.net.http.Http1AsyncReceiver$Http1TubeSubscriber.onNext(Http1AsyncReceiver.java:589)
	at java.net.http/jdk.internal.net.http.Http1AsyncReceiver$Http1TubeSubscriber.onNext(Http1AsyncReceiver.java:546)
	at java.net.http/jdk.internal.net.http.SocketTube$InternalReadPublisher$InternalReadSubscription.read(SocketTube.java:865)
	at java.net.http/jdk.internal.net.http.SocketTube$SocketFlowTask.run(SocketTube.java:181)
	at java.net.http/jdk.internal.net.http.common.SequentialScheduler$SchedulableTask.run(SequentialScheduler.java:207)
	at java.net.http/jdk.internal.net.http.common.SequentialScheduler.runOrSchedule(SequentialScheduler.java:280)
	at java.net.http/jdk.internal.net.http.common.SequentialScheduler.runOrSchedule(SequentialScheduler.java:233)
	at java.net.http/jdk.internal.net.http.SocketTube$InternalReadPublisher$InternalReadSubscription.signalReadable(SocketTube.java:782)
	at java.net.http/jdk.internal.net.http.SocketTube$InternalReadPublisher$ReadEvent.signalEvent(SocketTube.java:965)
	at java.net.http/jdk.internal.net.http.SocketTube$SocketFlowEvent.handle(SocketTube.java:253)
	at java.net.http/jdk.internal.net.http.HttpClientImpl$SelectorManager.handleEvent(HttpClientImpl.java:1477)
	at java.net.http/jdk.internal.net.http.HttpClientImpl$SelectorManager.lambda$run$3(HttpClientImpl.java:1422)
	at java.base/java.util.ArrayList.forEach(ArrayList.java:1596)
	at java.net.http/jdk.internal.net.http.HttpClientImpl$SelectorManager.run(HttpClientImpl.java:1422)
... Removed 13 stack frames</div></td></tr></table><p class="totop"><a href="#summary">back to summary</a></p>
<h3 id="m25">testscript.LoginTest#closeBrowser</h3><table class="result"><tr><th class="invisible"/></tr></table><p class="totop"><a href="#summary">back to summary</a></p>
<h3 id="m26">testscript.LoginTest#closeBrowser</h3><table class="result"><tr><th class="invisible"/></tr></table><p class="totop"><a href="#summary">back to summary</a></p>
<h3 id="m27">testscript.LoginTest#closeBrowser</h3><table class="result"><tr><th class="invisible"/></tr></table><p class="totop"><a href="#summary">back to summary</a></p>
<h3 id="m28">testscript.LoginTest#verifyLoginWithInvalidUsernameAndInvalidPassword</h3><table class="result"><tr class="param"><th>Parameter #1</th><th>Parameter #2</th></tr><tr class="param stripe"><td>user</td><td>password</td></tr><tr><th colspan="2">Exception</th></tr><tr><td colspan="2"><div class="stacktrace">org.openqa.selenium.WebDriverException: Timed out waiting for driver server to stop.
Build info: version: &apos;4.31.0&apos;, revision: &apos;1ef9f18787*&apos;
System info: os.name: &apos;Windows 10&apos;, os.arch: &apos;amd64&apos;, os.version: &apos;10.0&apos;, java.version: &apos;21.0.8&apos;
Driver info: org.openqa.selenium.firefox.FirefoxDriver
Command: [02e2a271-b17c-49c4-9c9b-cdf07ee8a3df, quit {}]
Capabilities {acceptInsecureCerts: true, browserName: firefox, browserVersion: 144.0, moz:accessibilityChecks: false, moz:buildID: 20251009125714, moz:geckodriverVersion: 0.36.0, moz:headless: false, moz:platformVersion: 10.0, moz:processID: 14816, moz:profile: C:\Users\USER\AppData\Local..., moz:shutdownTimeout: 60000, moz:webdriverClick: true, moz:windowless: false, pageLoadStrategy: normal, platformName: windows, proxy: Proxy(), setWindowRect: true, strictFileInteractability: false, timeouts: {implicit: 0, pageLoad: 300000, script: 30000}, unhandledPromptBehavior: dismiss and notify, userAgent: Mozilla/5.0 (Windows NT 10....}
	at org.openqa.selenium.remote.service.DriverCommandExecutor.execute(DriverCommandExecutor.java:164)
	at org.openqa.selenium.remote.RemoteWebDriver.execute(RemoteWebDriver.java:545)
	at org.openqa.selenium.remote.RemoteWebDriver.execute(RemoteWebDriver.java:618)
	at org.openqa.selenium.remote.RemoteWebDriver.execute(RemoteWebDriver.java:622)
	at org.openqa.selenium.remote.RemoteWebDriver.quit(RemoteWebDriver.java:446)
	at org.openqa.selenium.firefox.FirefoxDriver.quit(FirefoxDriver.java:302)
	at base.TestNGBase.driverQuit(TestNGBase.java:57)
	at java.base/java.util.concurrent.Executors$RunnableAdapter.call(Executors.java:572)
	at java.base/java.util.concurrent.FutureTask.run(FutureTask.java:317)
	at java.base/java.util.concurrent.ThreadPoolExecutor.runWorker(ThreadPoolExecutor.java:1144)
	at java.base/java.util.concurrent.ThreadPoolExecutor$Worker.run(ThreadPoolExecutor.java:642)
	at java.base/java.lang.Thread.run(Thread.java:1583)
Caused by: java.util.concurrent.ExecutionException: java.util.concurrent.RejectedExecutionException: Task java.util.concurrent.FutureTask@2d478d77[Not completed, task = java.util.concurrent.Executors$RunnableAdapter@1c91f713[Wrapped task = org.openqa.selenium.remote.http.jdk.JdkHttpClient$$Lambda/0x000002878123fce0@17b86715]] rejected from java.util.concurrent.ThreadPoolExecutor@623e3f3a[Terminated, pool size = 0, active threads = 0, queued tasks = 0, completed tasks = 89]
	at java.base/java.util.concurrent.CompletableFuture.reportGet(CompletableFuture.java:396)
	at java.base/java.util.concurrent.CompletableFuture.get(CompletableFuture.java:2096)
	at org.openqa.selenium.remote.service.DriverCommandExecutor.execute(DriverCommandExecutor.java:160)
	... 27 more
Caused by: java.util.concurrent.RejectedExecutionException: Task java.util.concurrent.FutureTask@2d478d77[Not completed, task = java.util.concurrent.Executors$RunnableAdapter@1c91f713[Wrapped task = org.openqa.selenium.remote.http.jdk.JdkHttpClient$$Lambda/0x000002878123fce0@17b86715]] rejected from java.util.concurrent.ThreadPoolExecutor@623e3f3a[Terminated, pool size = 0, active threads = 0, queued tasks = 0, completed tasks = 89]
	at java.base/java.util.concurrent.ThreadPoolExecutor$AbortPolicy.rejectedExecution(ThreadPoolExecutor.java:2081)
	at java.base/java.util.concurrent.ThreadPoolExecutor.reject(ThreadPoolExecutor.java:841)
	at java.base/java.util.concurrent.ThreadPoolExecutor.execute(ThreadPoolExecutor.java:1376)
	at java.base/java.util.concurrent.AbstractExecutorService.submit(AbstractExecutorService.java:123)
	at org.openqa.selenium.remote.http.jdk.JdkHttpClient.executeAsync(JdkHttpClient.java:381)
	at org.openqa.selenium.remote.http.jdk.JdkHttpClient.execute(JdkHttpClient.java:410)
	at org.openqa.selenium.remote.HttpCommandExecutor.execute(HttpCommandExecutor.java:212)
	at org.openqa.selenium.remote.service.DriverCommandExecutor.invokeExecute(DriverCommandExecutor.java:216)
	at org.openqa.selenium.remote.service.DriverCommandExecutor.lambda$execute$1(DriverCommandExecutor.java:126)
	at java.base/java.util.concurrent.CompletableFuture$AsyncSupply.run(CompletableFuture.java:1768)
	... 3 more
... Removed 16 stack frames</div></td></tr></table><p class="totop"><a href="#summary">back to summary</a></p>
<h3 id="m29">testscript.LoginTest#verifyLoginWithInvalidUsernameAndInvalidPassword</h3><table class="result"><tr class="param"><th>Parameter #1</th><th>Parameter #2</th></tr><tr class="param stripe"><td>username</td><td>pass</td></tr><tr><th colspan="2">Exception</th></tr><tr><td colspan="2"><div class="stacktrace">org.openqa.selenium.WebDriverException: Timed out waiting for driver server to stop.
Build info: version: &apos;4.31.0&apos;, revision: &apos;1ef9f18787*&apos;
System info: os.name: &apos;Windows 10&apos;, os.arch: &apos;amd64&apos;, os.version: &apos;10.0&apos;, java.version: &apos;21.0.8&apos;
Driver info: org.openqa.selenium.firefox.FirefoxDriver
Command: [02e2a271-b17c-49c4-9c9b-cdf07ee8a3df, quit {}]
Capabilities {acceptInsecureCerts: true, browserName: firefox, browserVersion: 144.0, moz:accessibilityChecks: false, moz:buildID: 20251009125714, moz:geckodriverVersion: 0.36.0, moz:headless: false, moz:platformVersion: 10.0, moz:processID: 14816, moz:profile: C:\Users\USER\AppData\Local..., moz:shutdownTimeout: 60000, moz:webdriverClick: true, moz:windowless: false, pageLoadStrategy: normal, platformName: windows, proxy: Proxy(), setWindowRect: true, strictFileInteractability: false, timeouts: {implicit: 0, pageLoad: 300000, script: 30000}, unhandledPromptBehavior: dismiss and notify, userAgent: Mozilla/5.0 (Windows NT 10....}
	at org.openqa.selenium.remote.service.DriverCommandExecutor.execute(DriverCommandExecutor.java:164)
	at org.openqa.selenium.remote.RemoteWebDriver.execute(RemoteWebDriver.java:545)
	at org.openqa.selenium.remote.RemoteWebDriver.execute(RemoteWebDriver.java:618)
	at org.openqa.selenium.remote.RemoteWebDriver.execute(RemoteWebDriver.java:622)
	at org.openqa.selenium.remote.RemoteWebDriver.quit(RemoteWebDriver.java:446)
	at org.openqa.selenium.firefox.FirefoxDriver.quit(FirefoxDriver.java:302)
	at base.TestNGBase.driverQuit(TestNGBase.java:57)
	at java.base/java.util.concurrent.Executors$RunnableAdapter.call(Executors.java:572)
	at java.base/java.util.concurrent.FutureTask.run(FutureTask.java:317)
	at java.base/java.util.concurrent.ThreadPoolExecutor.runWorker(ThreadPoolExecutor.java:1144)
	at java.base/java.util.concurrent.ThreadPoolExecutor$Worker.run(ThreadPoolExecutor.java:642)
	at java.base/java.lang.Thread.run(Thread.java:1583)
Caused by: java.util.concurrent.ExecutionException: java.util.concurrent.RejectedExecutionException: Task java.util.concurrent.FutureTask@2d478d77[Not completed, task = java.util.concurrent.Executors$RunnableAdapter@1c91f713[Wrapped task = org.openqa.selenium.remote.http.jdk.JdkHttpClient$$Lambda/0x000002878123fce0@17b86715]] rejected from java.util.concurrent.ThreadPoolExecutor@623e3f3a[Terminated, pool size = 0, active threads = 0, queued tasks = 0, completed tasks = 89]
	at java.base/java.util.concurrent.CompletableFuture.reportGet(CompletableFuture.java:396)
	at java.base/java.util.concurrent.CompletableFuture.get(CompletableFuture.java:2096)
	at org.openqa.selenium.remote.service.DriverCommandExecutor.execute(DriverCommandExecutor.java:160)
	... 27 more
Caused by: java.util.concurrent.RejectedExecutionException: Task java.util.concurrent.FutureTask@2d478d77[Not completed, task = java.util.concurrent.Executors$RunnableAdapter@1c91f713[Wrapped task = org.openqa.selenium.remote.http.jdk.JdkHttpClient$$Lambda/0x000002878123fce0@17b86715]] rejected from java.util.concurrent.ThreadPoolExecutor@623e3f3a[Terminated, pool size = 0, active threads = 0, queued tasks = 0, completed tasks = 89]
	at java.base/java.util.concurrent.ThreadPoolExecutor$AbortPolicy.rejectedExecution(ThreadPoolExecutor.java:2081)
	at java.base/java.util.concurrent.ThreadPoolExecutor.reject(ThreadPoolExecutor.java:841)
	at java.base/java.util.concurrent.ThreadPoolExecutor.execute(ThreadPoolExecutor.java:1376)
	at java.base/java.util.concurrent.AbstractExecutorService.submit(AbstractExecutorService.java:123)
	at org.openqa.selenium.remote.http.jdk.JdkHttpClient.executeAsync(JdkHttpClient.java:381)
	at org.openqa.selenium.remote.http.jdk.JdkHttpClient.execute(JdkHttpClient.java:410)
	at org.openqa.selenium.remote.HttpCommandExecutor.execute(HttpCommandExecutor.java:212)
	at org.openqa.selenium.remote.service.DriverCommandExecutor.invokeExecute(DriverCommandExecutor.java:216)
	at org.openqa.selenium.remote.service.DriverCommandExecutor.lambda$execute$1(DriverCommandExecutor.java:126)
	at java.base/java.util.concurrent.CompletableFuture$AsyncSupply.run(CompletableFuture.java:1768)
	... 3 more
... Removed 16 stack frames</div></td></tr></table><p class="totop"><a href="#summary">back to summary</a></p>
<h3 id="m30">testscript.HomeTest#verifyLogoutfunctionality</h3><table class="result"><tr><th>Exception</th></tr><tr><td><div class="stacktrace">org.openqa.selenium.TimeoutException: Expected condition failed: waiting for element to be clickable: Proxy element for: DefaultElementLocator &apos;By.xpath: i[@class=&apos;ace-icon fa fa-power-off&apos;]&apos; (tried for 5 second(s) with 500 milliseconds interval)
	at org.openqa.selenium.support.ui.WebDriverWait.timeoutException(WebDriverWait.java:84)
	at org.openqa.selenium.support.ui.FluentWait.until(FluentWait.java:228)
	at utilities.WaitUtility.waitUntilClickable(WaitUtility.java:16)
	at pages.HomePage.logout(HomePage.java:28)
	at testscript.HomeTest.verifyLogoutfunctionality(HomeTest.java:36)
	at java.base/java.util.concurrent.Executors$RunnableAdapter.call(Executors.java:572)
	at java.base/java.util.concurrent.FutureTask.run(FutureTask.java:317)
	at java.base/java.util.concurrent.ThreadPoolExecutor.runWorker(ThreadPoolExecutor.java:1144)
	at java.base/java.util.concurrent.ThreadPoolExecutor$Worker.run(ThreadPoolExecutor.java:642)
	at java.base/java.lang.Thread.run(Thread.java:1583)
Caused by: org.openqa.selenium.NoSuchElementException: Unable to locate element: i[@class=&apos;ace-icon fa fa-power-off&apos;]
For documentation on this error, please visit: https://www.selenium.dev/documentation/webdriver/troubleshooting/errors#no-such-element-exception
Build info: version: &apos;4.31.0&apos;, revision: &apos;1ef9f18787*&apos;
System info: os.name: &apos;Windows 10&apos;, os.arch: &apos;amd64&apos;, os.version: &apos;10.0&apos;, java.version: &apos;21.0.8&apos;
Driver info: org.openqa.selenium.firefox.FirefoxDriver
Command: [a19e8b73-5ede-4581-9af8-bb6cfa32069a, findElement {using=xpath, value=i[@class=&apos;ace-icon fa fa-power-off&apos;]}]
Capabilities {acceptInsecureCerts: true, browserName: firefox, browserVersion: 144.0, moz:accessibilityChecks: false, moz:buildID: 20251009125714, moz:geckodriverVersion: 0.36.0, moz:headless: false, moz:platformVersion: 10.0, moz:processID: 18224, moz:profile: C:\Users\USER\AppData\Local..., moz:shutdownTimeout: 60000, moz:webdriverClick: true, moz:windowless: false, pageLoadStrategy: normal, platformName: windows, proxy: Proxy(), setWindowRect: true, strictFileInteractability: false, timeouts: {implicit: 0, pageLoad: 300000, script: 30000}, unhandledPromptBehavior: dismiss and notify, userAgent: Mozilla/5.0 (Windows NT 10....}
Session ID: a19e8b73-5ede-4581-9af8-bb6cfa32069a
	at org.openqa.selenium.remote.ErrorCodec.decode(ErrorCodec.java:167)
	at org.openqa.selenium.remote.codec.w3c.W3CHttpResponseCodec.decode(W3CHttpResponseCodec.java:138)
	at org.openqa.selenium.remote.codec.w3c.W3CHttpResponseCodec.decode(W3CHttpResponseCodec.java:50)
	at org.openqa.selenium.remote.HttpCommandExecutor.execute(HttpCommandExecutor.java:215)
	at org.openqa.selenium.remote.service.DriverCommandExecutor.invokeExecute(DriverCommandExecutor.java:216)
	at org.openqa.selenium.remote.service.DriverCommandExecutor.execute(DriverCommandExecutor.java:174)
	at org.openqa.selenium.remote.RemoteWebDriver.execute(RemoteWebDriver.java:545)
	at org.openqa.selenium.remote.ElementLocation$ElementFinder$2.findElement(ElementLocation.java:165)
	at org.openqa.selenium.remote.ElementLocation.findElement(ElementLocation.java:59)
	at org.openqa.selenium.remote.RemoteWebDriver.findElement(RemoteWebDriver.java:368)
	at org.openqa.selenium.remote.RemoteWebDriver.findElement(RemoteWebDriver.java:362)
	at org.openqa.selenium.support.pagefactory.DefaultElementLocator.findElement(DefaultElementLocator.java:68)
	at org.openqa.selenium.support.pagefactory.internal.LocatingElementHandler.invoke(LocatingElementHandler.java:38)
	at jdk.proxy2/jdk.proxy2.$Proxy16.isDisplayed(Unknown Source)
	at org.openqa.selenium.support.ui.ExpectedConditions.elementIfVisible(ExpectedConditions.java:304)
	at org.openqa.selenium.support.ui.ExpectedConditions$10.apply(ExpectedConditions.java:290)
	at org.openqa.selenium.support.ui.ExpectedConditions$10.apply(ExpectedConditions.java:287)
	at org.openqa.selenium.support.ui.ExpectedConditions$23.apply(ExpectedConditions.java:656)
	at org.openqa.selenium.support.ui.ExpectedConditions$23.apply(ExpectedConditions.java:652)
	at org.openqa.selenium.support.ui.FluentWait.until(FluentWait.java:203)
	... 19 more
... Removed 14 stack frames</div></td></tr></table><p class="totop"><a href="#summary">back to summary</a></p>
<h3 id="m31">testscript.HomeTest#verifyLogoutfunctionality</h3><table class="result"><tr><th>Exception</th></tr><tr><td><div class="stacktrace">org.openqa.selenium.TimeoutException: Expected condition failed: waiting for element to be clickable: Proxy element for: DefaultElementLocator &apos;By.xpath: i[@class=&apos;ace-icon fa fa-power-off&apos;]&apos; (tried for 5 second(s) with 500 milliseconds interval)
	at org.openqa.selenium.support.ui.WebDriverWait.timeoutException(WebDriverWait.java:84)
	at org.openqa.selenium.support.ui.FluentWait.until(FluentWait.java:228)
	at utilities.WaitUtility.waitUntilClickable(WaitUtility.java:16)
	at pages.HomePage.logout(HomePage.java:28)
	at testscript.HomeTest.verifyLogoutfunctionality(HomeTest.java:36)
	at java.base/java.util.concurrent.Executors$RunnableAdapter.call(Executors.java:572)
	at java.base/java.util.concurrent.FutureTask.run(FutureTask.java:317)
	at java.base/java.util.concurrent.ThreadPoolExecutor.runWorker(ThreadPoolExecutor.java:1144)
	at java.base/java.util.concurrent.ThreadPoolExecutor$Worker.run(ThreadPoolExecutor.java:642)
	at java.base/java.lang.Thread.run(Thread.java:1583)
Caused by: org.openqa.selenium.NoSuchElementException: Unable to locate element: i[@class=&apos;ace-icon fa fa-power-off&apos;]
For documentation on this error, please visit: https://www.selenium.dev/documentation/webdriver/troubleshooting/errors#no-such-element-exception
Build info: version: &apos;4.31.0&apos;, revision: &apos;1ef9f18787*&apos;
System info: os.name: &apos;Windows 10&apos;, os.arch: &apos;amd64&apos;, os.version: &apos;10.0&apos;, java.version: &apos;21.0.8&apos;
Driver info: org.openqa.selenium.firefox.FirefoxDriver
Command: [ff029f58-ddc0-4980-aa84-44bb240deeff, findElement {using=xpath, value=i[@class=&apos;ace-icon fa fa-power-off&apos;]}]
Capabilities {acceptInsecureCerts: true, browserName: firefox, browserVersion: 144.0, moz:accessibilityChecks: false, moz:buildID: 20251009125714, moz:geckodriverVersion: 0.36.0, moz:headless: false, moz:platformVersion: 10.0, moz:processID: 5496, moz:profile: C:\Users\USER\AppData\Local..., moz:shutdownTimeout: 60000, moz:webdriverClick: true, moz:windowless: false, pageLoadStrategy: normal, platformName: windows, proxy: Proxy(), setWindowRect: true, strictFileInteractability: false, timeouts: {implicit: 0, pageLoad: 300000, script: 30000}, unhandledPromptBehavior: dismiss and notify, userAgent: Mozilla/5.0 (Windows NT 10....}
Session ID: ff029f58-ddc0-4980-aa84-44bb240deeff
	at org.openqa.selenium.remote.ErrorCodec.decode(ErrorCodec.java:167)
	at org.openqa.selenium.remote.codec.w3c.W3CHttpResponseCodec.decode(W3CHttpResponseCodec.java:138)
	at org.openqa.selenium.remote.codec.w3c.W3CHttpResponseCodec.decode(W3CHttpResponseCodec.java:50)
	at org.openqa.selenium.remote.HttpCommandExecutor.execute(HttpCommandExecutor.java:215)
	at org.openqa.selenium.remote.service.DriverCommandExecutor.invokeExecute(DriverCommandExecutor.java:216)
	at org.openqa.selenium.remote.service.DriverCommandExecutor.execute(DriverCommandExecutor.java:174)
	at org.openqa.selenium.remote.RemoteWebDriver.execute(RemoteWebDriver.java:545)
	at org.openqa.selenium.remote.ElementLocation$ElementFinder$2.findElement(ElementLocation.java:165)
	at org.openqa.selenium.remote.ElementLocation.findElement(ElementLocation.java:59)
	at org.openqa.selenium.remote.RemoteWebDriver.findElement(RemoteWebDriver.java:368)
	at org.openqa.selenium.remote.RemoteWebDriver.findElement(RemoteWebDriver.java:362)
	at org.openqa.selenium.support.pagefactory.DefaultElementLocator.findElement(DefaultElementLocator.java:68)
	at org.openqa.selenium.support.pagefactory.internal.LocatingElementHandler.invoke(LocatingElementHandler.java:38)
	at jdk.proxy2/jdk.proxy2.$Proxy16.isDisplayed(Unknown Source)
	at org.openqa.selenium.support.ui.ExpectedConditions.elementIfVisible(ExpectedConditions.java:304)
	at org.openqa.selenium.support.ui.ExpectedConditions$10.apply(ExpectedConditions.java:290)
	at org.openqa.selenium.support.ui.ExpectedConditions$10.apply(ExpectedConditions.java:287)
	at org.openqa.selenium.support.ui.ExpectedConditions$23.apply(ExpectedConditions.java:656)
	at org.openqa.selenium.support.ui.ExpectedConditions$23.apply(ExpectedConditions.java:652)
	at org.openqa.selenium.support.ui.FluentWait.until(FluentWait.java:203)
	... 19 more
... Removed 14 stack frames</div></td></tr></table><p class="totop"><a href="#summary">back to summary</a></p>
<h3 id="m32">testscript.LoginTest#verifyLoginWithValidCredentials</h3><table class="result"><tr><th>Exception</th></tr><tr><td><div class="stacktrace">org.openqa.selenium.remote.UnreachableBrowserException: Error communicating with the remote browser. It may have died.
Build info: version: &apos;4.31.0&apos;, revision: &apos;1ef9f18787*&apos;
System info: os.name: &apos;Windows 10&apos;, os.arch: &apos;amd64&apos;, os.version: &apos;10.0&apos;, java.version: &apos;21.0.8&apos;
Driver info: org.openqa.selenium.firefox.FirefoxDriver
Command: [8861aa73-7bba-4ad6-8d9c-fa334e437ac9, findElement [using, value]]
Capabilities {acceptInsecureCerts: true, browserName: firefox, browserVersion: 144.0, moz:accessibilityChecks: false, moz:buildID: 20251009125714, moz:geckodriverVersion: 0.36.0, moz:headless: false, moz:platformVersion: 10.0, moz:processID: 20208, moz:profile: C:\Users\USER\AppData\Local..., moz:shutdownTimeout: 60000, moz:webdriverClick: true, moz:windowless: false, pageLoadStrategy: normal, platformName: windows, proxy: Proxy(), setWindowRect: true, strictFileInteractability: false, timeouts: {implicit: 0, pageLoad: 300000, script: 30000}, unhandledPromptBehavior: dismiss and notify, userAgent: Mozilla/5.0 (Windows NT 10....}
Session ID: 8861aa73-7bba-4ad6-8d9c-fa334e437ac9
	at org.openqa.selenium.remote.RemoteWebDriver.execute(RemoteWebDriver.java:572)
	at org.openqa.selenium.remote.ElementLocation$ElementFinder$2.findElement(ElementLocation.java:165)
	at org.openqa.selenium.remote.ElementLocation.findElement(ElementLocation.java:59)
	at org.openqa.selenium.remote.RemoteWebDriver.findElement(RemoteWebDriver.java:368)
	at org.openqa.selenium.remote.RemoteWebDriver.findElement(RemoteWebDriver.java:362)
	at org.openqa.selenium.support.pagefactory.DefaultElementLocator.findElement(DefaultElementLocator.java:68)
	at org.openqa.selenium.support.pagefactory.internal.LocatingElementHandler.invoke(LocatingElementHandler.java:38)
	at jdk.proxy2/jdk.proxy2.$Proxy16.isDisplayed(Unknown Source)
	at org.openqa.selenium.support.ui.ExpectedConditions.elementIfVisible(ExpectedConditions.java:304)
	at org.openqa.selenium.support.ui.ExpectedConditions$10.apply(ExpectedConditions.java:290)
	at org.openqa.selenium.support.ui.ExpectedConditions$10.apply(ExpectedConditions.java:287)
	at org.openqa.selenium.support.ui.ExpectedConditions$23.apply(ExpectedConditions.java:656)
	at org.openqa.selenium.support.ui.ExpectedConditions$23.apply(ExpectedConditions.java:652)
	at org.openqa.selenium.support.ui.FluentWait.until(FluentWait.java:203)
	at utilities.WaitUtility.waitUntilClickable(WaitUtility.java:16)
	at pages.LoginPage.signin(LoginPage.java:35)
	at testscript.LoginTest.verifyLoginWithValidCredentials(LoginTest.java:26)
	at java.base/java.util.concurrent.Executors$RunnableAdapter.call(Executors.java:572)
	at java.base/java.util.concurrent.FutureTask.run(FutureTask.java:317)
	at java.base/java.util.concurrent.ThreadPoolExecutor.runWorker(ThreadPoolExecutor.java:1144)
	at java.base/java.util.concurrent.ThreadPoolExecutor$Worker.run(ThreadPoolExecutor.java:642)
	at java.base/java.lang.Thread.run(Thread.java:1583)
Caused by: java.io.UncheckedIOException: java.io.IOException: Task jdk.internal.net.http.common.SequentialScheduler$SchedulableTask@55c87350 rejected from java.util.concurrent.ThreadPoolExecutor@588bbca7[Shutting down, pool size = 6, active threads = 3, queued tasks = 0, completed tasks = 77]
	at org.openqa.selenium.remote.http.jdk.JdkHttpClient.execute0(JdkHttpClient.java:497)
	at org.openqa.selenium.remote.http.AddSeleniumUserAgent.lambda$apply$0(AddSeleniumUserAgent.java:42)
	at org.openqa.selenium.remote.http.Filter.lambda$andFinally$1(Filter.java:55)
	at org.openqa.selenium.remote.http.jdk.JdkHttpClient.lambda$executeAsync$1(JdkHttpClient.java:384)
	at java.base/java.util.concurrent.Executors$RunnableAdapter.call(Executors.java:572)
	at java.base/java.util.concurrent.FutureTask.run(FutureTask.java:317)
	... 3 more
Caused by: java.io.IOException: Task jdk.internal.net.http.common.SequentialScheduler$SchedulableTask@55c87350 rejected from java.util.concurrent.ThreadPoolExecutor@588bbca7[Shutting down, pool size = 6, active threads = 3, queued tasks = 0, completed tasks = 77]
	at java.net.http/jdk.internal.net.http.HttpClientImpl.send(HttpClientImpl.java:972)
	at java.net.http/jdk.internal.net.http.HttpClientFacade.send(HttpClientFacade.java:133)
	at org.openqa.selenium.remote.http.jdk.JdkHttpClient.execute0(JdkHttpClient.java:456)
	... 8 more
Caused by: java.util.concurrent.RejectedExecutionException: Task jdk.internal.net.http.common.SequentialScheduler$SchedulableTask@55c87350 rejected from java.util.concurrent.ThreadPoolExecutor@588bbca7[Shutting down, pool size = 6, active threads = 3, queued tasks = 0, completed tasks = 77]
	at java.base/java.util.concurrent.ThreadPoolExecutor$AbortPolicy.rejectedExecution(ThreadPoolExecutor.java:2081)
	at java.base/java.util.concurrent.ThreadPoolExecutor.reject(ThreadPoolExecutor.java:841)
	at java.base/java.util.concurrent.ThreadPoolExecutor.execute(ThreadPoolExecutor.java:1376)
	at java.net.http/jdk.internal.net.http.HttpClientImpl$DelegatingExecutor.ensureExecutedAsync(HttpClientImpl.java:183)
	at java.net.http/jdk.internal.net.http.HttpClientImpl$DelegatingExecutor.execute(HttpClientImpl.java:175)
	at java.net.http/jdk.internal.net.http.common.SequentialScheduler.runOrSchedule(SequentialScheduler.java:282)
	at java.net.http/jdk.internal.net.http.common.SequentialScheduler.runOrSchedule(SequentialScheduler.java:251)
	at java.net.http/jdk.internal.net.http.Http1AsyncReceiver.asyncReceive(Http1AsyncReceiver.java:468)
	at java.net.http/jdk.internal.net.http.Http1AsyncReceiver$Http1TubeSubscriber.onNext(Http1AsyncReceiver.java:589)
	at java.net.http/jdk.internal.net.http.Http1AsyncReceiver$Http1TubeSubscriber.onNext(Http1AsyncReceiver.java:546)
	at java.net.http/jdk.internal.net.http.SocketTube$InternalReadPublisher$InternalReadSubscription.read(SocketTube.java:865)
	at java.net.http/jdk.internal.net.http.SocketTube$SocketFlowTask.run(SocketTube.java:181)
	at java.net.http/jdk.internal.net.http.common.SequentialScheduler$SchedulableTask.run(SequentialScheduler.java:207)
	at java.net.http/jdk.internal.net.http.common.SequentialScheduler.runOrSchedule(SequentialScheduler.java:280)
	at java.net.http/jdk.internal.net.http.common.SequentialScheduler.runOrSchedule(SequentialScheduler.java:233)
	at java.net.http/jdk.internal.net.http.SocketTube$InternalReadPublisher$InternalReadSubscription.signalReadable(SocketTube.java:782)
	at java.net.http/jdk.internal.net.http.SocketTube$InternalReadPublisher$ReadEvent.signalEvent(SocketTube.java:965)
	at java.net.http/jdk.internal.net.http.SocketTube$SocketFlowEvent.handle(SocketTube.java:253)
	at java.net.http/jdk.internal.net.http.HttpClientImpl$SelectorManager.handleEvent(HttpClientImpl.java:1477)
	at java.net.http/jdk.internal.net.http.HttpClientImpl$SelectorManager.lambda$run$3(HttpClientImpl.java:1422)
	at java.base/java.util.ArrayList.forEach(ArrayList.java:1596)
	at java.net.http/jdk.internal.net.http.HttpClientImpl$SelectorManager.run(HttpClientImpl.java:1422)
... Removed 11 stack frames</div></td></tr></table><p class="totop"><a href="#summary">back to summary</a></p>
<h3 id="m33">testscript.LoginTest#verifyLoginWithInvalidUsernameAndInvalidPassword</h3><table class="result"><tr class="param"><th>Parameter #1</th><th>Parameter #2</th></tr><tr class="param stripe"><td>user</td><td>password</td></tr></table><p class="totop"><a href="#summary">back to summary</a></p>
<h3 id="m34">testscript.LoginTest#verifyLoginWithValidCredentials</h3><table class="result"><tr><th class="invisible"/></tr></table><p class="totop"><a href="#summary">back to summary</a></p>
<h3 id="m35">testscript.LoginTest#verifyLoginWithValidUsernameAndInvalidPassword</h3><table class="result"><tr><th class="invisible"/></tr></table><p class="totop"><a href="#summary">back to summary</a></p>
</body>
</html>
